<?xml version="1.0" encoding="utf-8"?>
<CoverageSession xmlns:xsd="http://www.w3.org/2001/XMLSchema" xmlns:xsi="http://www.w3.org/2001/XMLSchema-instance">
  <Summary numSequencePoints="0" visitedSequencePoints="0" numBranchPoints="0" visitedBranchPoints="0" sequenceCoverage="0" branchCoverage="0" maxCyclomaticComplexity="0" minCyclomaticComplexity="0" visitedClasses="0" numClasses="0" visitedMethods="0" numMethods="0" />
  <Modules>
    <Module skippedDueTo="Filter" hash="26-C3-90-24-75-23-5D-CC-CA-46-C0-92-7E-96-43-B5-40-00-83-7F">
      <ModulePath>c:\Program Files\dotnet\shared\Microsoft.NETCore.App\2.0.3\System.Private.CoreLib.dll</ModulePath>
      <ModuleTime>2017-10-16T19:46:18Z</ModuleTime>
      <ModuleName>System.Private.CoreLib</ModuleName>
      <Files />
      <Classes />
    </Module>
    <Module skippedDueTo="Filter" hash="E1-DC-95-C3-06-D9-0E-9E-06-93-CC-6F-6F-93-69-BF-51-22-47-9F">
      <ModulePath>c:\Program Files\dotnet\sdk\2.1.2\dotnet.dll</ModulePath>
      <ModuleTime>2017-11-28T19:05:30Z</ModuleTime>
      <ModuleName>dotnet</ModuleName>
      <Files />
      <Classes />
    </Module>
    <Module skippedDueTo="Filter" hash="4A-8F-65-8B-4A-A5-3E-B7-E2-BC-F3-23-33-A9-CF-46-B0-0B-BF-A3">
      <ModulePath>c:\Program Files\dotnet\shared\Microsoft.NETCore.App\2.0.3\System.Runtime.dll</ModulePath>
      <ModuleTime>2017-10-16T19:46:18Z</ModuleTime>
      <ModuleName>System.Runtime</ModuleName>
      <Files />
      <Classes />
    </Module>
    <Module skippedDueTo="Filter" hash="E7-CC-DF-F6-E5-2E-C4-44-BA-AF-38-D9-DE-15-FB-42-6A-ED-97-18">
      <ModulePath>c:\Program Files\dotnet\sdk\2.1.2\Microsoft.DotNet.Cli.Utils.dll</ModulePath>
      <ModuleTime>2017-11-28T19:05:18Z</ModuleTime>
      <ModuleName>Microsoft.DotNet.Cli.Utils</ModuleName>
      <Files />
      <Classes />
    </Module>
    <Module skippedDueTo="Filter" hash="B0-E0-8C-99-09-3A-DF-23-09-C5-7C-2A-C5-40-C1-4C-99-18-B6-33">
      <ModulePath>c:\Program Files\dotnet\shared\Microsoft.NETCore.App\2.0.3\System.Runtime.Extensions.dll</ModulePath>
      <ModuleTime>2017-10-16T19:46:18Z</ModuleTime>
      <ModuleName>System.Runtime.Extensions</ModuleName>
      <Files />
      <Classes />
    </Module>
    <Module skippedDueTo="Filter" hash="80-C3-4D-6A-77-23-FA-1C-1B-37-48-BD-C0-D3-42-10-81-3F-22-6B">
      <ModulePath>c:\Program Files\dotnet\shared\Microsoft.NETCore.App\2.0.3\System.Runtime.Loader.dll</ModulePath>
      <ModuleTime>2017-10-16T19:46:18Z</ModuleTime>
      <ModuleName>System.Runtime.Loader</ModuleName>
      <Files />
      <Classes />
    </Module>
    <Module skippedDueTo="Filter" hash="E5-1A-BB-CA-0A-0F-E7-56-22-7D-3F-AC-FE-BC-91-63-55-9F-BF-03">
      <ModulePath>c:\Program Files\dotnet\sdk\2.1.2\Microsoft.DotNet.PlatformAbstractions.dll</ModulePath>
      <ModuleTime>2017-11-28T19:05:20Z</ModuleTime>
      <ModuleName>Microsoft.DotNet.PlatformAbstractions</ModuleName>
      <Files />
      <Classes />
    </Module>
    <Module skippedDueTo="Filter" hash="7B-E5-46-CC-B4-85-A0-09-28-75-27-3D-02-A4-18-07-C2-B4-71-9B">
      <ModulePath>c:\Program Files\dotnet\shared\Microsoft.NETCore.App\2.0.3\System.Runtime.InteropServices.RuntimeInformation.dll</ModulePath>
      <ModuleTime>2017-10-16T19:46:18Z</ModuleTime>
      <ModuleName>System.Runtime.InteropServices.RuntimeInformation</ModuleName>
      <Files />
      <Classes />
    </Module>
    <Module skippedDueTo="Filter" hash="06-69-E2-02-F1-E2-73-39-9D-83-2C-D7-5C-C4-F7-91-7A-C4-8E-E7">
      <ModulePath>c:\Program Files\dotnet\shared\Microsoft.NETCore.App\2.0.3\System.Reflection.dll</ModulePath>
      <ModuleTime>2017-10-16T19:46:18Z</ModuleTime>
      <ModuleName>System.Reflection</ModuleName>
      <Files />
      <Classes />
    </Module>
    <Module skippedDueTo="Filter" hash="10-38-FB-36-C4-F2-6A-DC-7B-C4-A0-C7-6F-38-06-06-5B-09-9D-9A">
      <ModulePath>c:\Program Files\dotnet\shared\Microsoft.NETCore.App\2.0.3\System.Reflection.Extensions.dll</ModulePath>
      <ModuleTime>2017-10-16T19:46:18Z</ModuleTime>
      <ModuleName>System.Reflection.Extensions</ModuleName>
      <Files />
      <Classes />
    </Module>
    <Module skippedDueTo="Filter" hash="97-86-71-18-67-36-CF-86-B1-74-E9-8E-5D-82-BA-42-6A-42-6E-36">
      <ModulePath>c:\Program Files\dotnet\shared\Microsoft.NETCore.App\2.0.3\System.Runtime.InteropServices.dll</ModulePath>
      <ModuleTime>2017-10-16T19:46:18Z</ModuleTime>
      <ModuleName>System.Runtime.InteropServices</ModuleName>
      <Files />
      <Classes />
    </Module>
    <Module skippedDueTo="Filter" hash="61-16-5D-79-9B-CE-CF-63-33-69-FE-2B-CD-E5-CB-B7-E8-3D-D9-7E">
      <ModulePath>c:\Program Files\dotnet\shared\Microsoft.NETCore.App\2.0.3\System.IO.FileSystem.dll</ModulePath>
      <ModuleTime>2017-10-16T19:46:16Z</ModuleTime>
      <ModuleName>System.IO.FileSystem</ModuleName>
      <Files />
      <Classes />
    </Module>
    <Module skippedDueTo="Filter" hash="D5-C5-C2-38-66-2B-BA-E8-BD-F6-A2-BA-56-9C-FE-D8-C4-76-F4-17">
      <ModulePath>c:\Program Files\dotnet\sdk\2.1.2\runtimes\win\lib\netstandard1.3\System.Text.Encoding.CodePages.dll</ModulePath>
      <ModuleTime>2017-11-28T19:09:26Z</ModuleTime>
      <ModuleName>System.Text.Encoding.CodePages</ModuleName>
      <Files />
      <Classes />
    </Module>
    <Module skippedDueTo="Filter" hash="18-67-F2-BC-DA-07-0D-B9-58-29-53-BF-F1-4C-7C-82-01-76-9D-95">
      <ModulePath>c:\Program Files\dotnet\shared\Microsoft.NETCore.App\2.0.3\System.Text.Encoding.dll</ModulePath>
      <ModuleTime>2017-10-16T19:46:18Z</ModuleTime>
      <ModuleName>System.Text.Encoding</ModuleName>
      <Files />
      <Classes />
    </Module>
    <Module skippedDueTo="Filter" hash="B3-9E-DB-77-A7-DF-96-93-4B-6A-40-0C-83-30-CF-C0-5B-4C-CD-76">
      <ModulePath>c:\Program Files\dotnet\shared\Microsoft.NETCore.App\2.0.3\System.Collections.dll</ModulePath>
      <ModuleTime>2017-10-16T19:46:16Z</ModuleTime>
      <ModuleName>System.Collections</ModuleName>
      <Files />
      <Classes />
    </Module>
    <Module skippedDueTo="Filter" hash="39-B5-92-E1-80-6D-9D-DF-41-24-82-B8-32-CF-22-FF-84-A0-37-EA">
      <ModulePath>c:\Program Files\dotnet\shared\Microsoft.NETCore.App\2.0.3\System.Threading.dll</ModulePath>
      <ModuleTime>2017-10-16T19:46:18Z</ModuleTime>
      <ModuleName>System.Threading</ModuleName>
      <Files />
      <Classes />
    </Module>
    <Module skippedDueTo="Filter" hash="DD-1C-65-2C-49-24-BD-EC-76-E6-9D-35-56-A5-D8-6E-56-5C-28-1E">
      <ModulePath>c:\Program Files\dotnet\shared\Microsoft.NETCore.App\2.0.3\System.Collections.Concurrent.dll</ModulePath>
      <ModuleTime>2017-10-16T19:46:16Z</ModuleTime>
      <ModuleName>System.Collections.Concurrent</ModuleName>
      <Files />
      <Classes />
    </Module>
    <Module skippedDueTo="Filter" hash="D8-BA-CC-F3-E7-0B-5A-27-2D-1D-56-B9-69-72-F8-53-17-F5-B4-56">
      <ModulePath>c:\Program Files\dotnet\shared\Microsoft.NETCore.App\2.0.3\System.Threading.Thread.dll</ModulePath>
      <ModuleTime>2017-10-16T19:46:18Z</ModuleTime>
      <ModuleName>System.Threading.Thread</ModuleName>
      <Files />
      <Classes />
    </Module>
    <Module skippedDueTo="Filter" hash="EC-67-7E-95-4D-CD-5F-75-DE-AD-32-07-DE-4E-46-38-AE-3B-98-B2">
      <ModulePath>c:\Program Files\dotnet\sdk\2.1.2\Microsoft.DotNet.Configurer.dll</ModulePath>
      <ModuleTime>2017-11-28T19:05:18Z</ModuleTime>
      <ModuleName>Microsoft.DotNet.Configurer</ModuleName>
      <Files />
      <Classes />
    </Module>
    <Module skippedDueTo="Filter" hash="F0-C5-F4-B7-29-88-AF-63-18-BB-5C-41-65-79-71-04-31-31-FD-EC">
      <ModulePath>c:\Program Files\dotnet\shared\Microsoft.NETCore.App\2.0.3\System.Diagnostics.Process.dll</ModulePath>
      <ModuleTime>2017-10-16T19:46:16Z</ModuleTime>
      <ModuleName>System.Diagnostics.Process</ModuleName>
      <Files />
      <Classes />
    </Module>
    <Module skippedDueTo="Filter" hash="F9-BC-F3-11-43-C6-74-18-CA-4B-3B-83-CB-24-63-46-87-13-A9-7A">
      <ModulePath>c:\Program Files\dotnet\shared\Microsoft.NETCore.App\2.0.3\System.Linq.dll</ModulePath>
      <ModuleTime>2017-10-16T19:46:16Z</ModuleTime>
      <ModuleName>System.Linq</ModuleName>
      <Files />
      <Classes />
    </Module>
    <Module skippedDueTo="Filter" hash="9C-75-D5-25-AB-58-19-CC-C3-C6-1D-19-AB-58-91-F3-30-B9-05-3D">
      <ModulePath>c:\Program Files\dotnet\sdk\2.1.2\NuGet.Frameworks.dll</ModulePath>
      <ModuleTime>2017-11-28T19:05:18Z</ModuleTime>
      <ModuleName>NuGet.Frameworks</ModuleName>
      <Files />
      <Classes />
    </Module>
    <Module skippedDueTo="Filter" hash="43-FD-60-20-53-E2-C4-8C-78-57-C5-22-79-AB-44-5F-DD-37-F9-19">
      <ModulePath>c:\Program Files\dotnet\sdk\2.1.2\Microsoft.DotNet.Cli.CommandLine.dll</ModulePath>
      <ModuleTime>2017-11-28T19:05:18Z</ModuleTime>
      <ModuleName>Microsoft.DotNet.Cli.CommandLine</ModuleName>
      <Files />
      <Classes />
    </Module>
    <Module skippedDueTo="Filter" hash="7C-76-6F-C3-0D-50-D1-7E-68-CD-EC-AE-3B-9F-D6-6C-23-12-A1-89">
      <ModulePath>c:\Program Files\dotnet\shared\Microsoft.NETCore.App\2.0.3\System.Console.dll</ModulePath>
      <ModuleTime>2017-10-16T19:46:16Z</ModuleTime>
      <ModuleName>System.Console</ModuleName>
      <Files />
      <Classes />
    </Module>
    <Module skippedDueTo="Filter" hash="01-AA-1D-C0-3F-8A-48-FC-7B-0E-C1-0A-0B-37-B0-88-4D-CA-96-6D">
      <ModulePath>c:\Program Files\dotnet\sdk\2.1.2\Microsoft.DotNet.InternalAbstractions.dll</ModulePath>
      <ModuleTime>2017-11-28T19:05:20Z</ModuleTime>
      <ModuleName>Microsoft.DotNet.InternalAbstractions</ModuleName>
      <Files />
      <Classes />
    </Module>
    <Module skippedDueTo="Filter" hash="2E-E1-2D-F8-B6-D8-46-43-AB-93-25-F6-E0-DA-F4-2E-CC-D5-44-36">
      <ModulePath>c:\Program Files\dotnet\shared\Microsoft.NETCore.App\2.0.3\System.IO.FileSystem.Primitives.dll</ModulePath>
      <ModuleTime>2017-10-16T19:46:16Z</ModuleTime>
      <ModuleName>System.IO.FileSystem.Primitives</ModuleName>
      <Files />
      <Classes />
    </Module>
    <Module skippedDueTo="Filter" hash="30-6C-C2-A0-58-F0-99-DD-DD-D4-47-FA-48-EA-A0-8C-1B-B2-B9-15">
      <ModulePath>c:\Program Files\dotnet\shared\Microsoft.NETCore.App\2.0.3\System.AppContext.dll</ModulePath>
      <ModuleTime>2017-10-16T19:46:16Z</ModuleTime>
      <ModuleName>System.AppContext</ModuleName>
      <Files />
      <Classes />
    </Module>
    <Module skippedDueTo="Filter" hash="48-96-9B-02-C4-37-FE-4C-70-4F-56-63-42-2C-CF-2D-A8-B8-44-4A">
      <ModulePath>c:\Program Files\dotnet\shared\Microsoft.NETCore.App\2.0.3\System.IO.dll</ModulePath>
      <ModuleTime>2017-10-16T19:46:16Z</ModuleTime>
      <ModuleName>System.IO</ModuleName>
      <Files />
      <Classes />
    </Module>
    <Module skippedDueTo="Filter" hash="84-66-57-4C-D4-02-18-1A-72-BA-90-0A-4E-05-17-ED-A2-C4-F9-84">
      <ModulePath>c:\Program Files\dotnet\shared\Microsoft.NETCore.App\2.0.3\System.Text.Encoding.Extensions.dll</ModulePath>
      <ModuleTime>2017-10-16T19:46:18Z</ModuleTime>
      <ModuleName>System.Text.Encoding.Extensions</ModuleName>
      <Files />
      <Classes />
    </Module>
    <Module skippedDueTo="Filter" hash="6C-7A-E0-70-AC-7C-1F-EB-33-93-6D-55-5A-BA-C2-0D-E0-06-5D-95">
      <ModulePath>c:\Program Files\dotnet\shared\Microsoft.NETCore.App\2.0.3\System.Runtime.Handles.dll</ModulePath>
      <ModuleTime>2017-10-16T19:46:18Z</ModuleTime>
      <ModuleName>System.Runtime.Handles</ModuleName>
      <Files />
      <Classes />
    </Module>
    <Module skippedDueTo="Filter" hash="90-81-3B-CD-F7-73-8D-93-5B-F8-06-90-EE-E8-F4-1B-FC-8E-A0-3B">
      <ModulePath>c:\Program Files\dotnet\sdk\2.1.2\Microsoft.ApplicationInsights.dll</ModulePath>
      <ModuleTime>2017-11-28T18:57:02Z</ModuleTime>
      <ModuleName>Microsoft.ApplicationInsights</ModuleName>
      <Files />
      <Classes />
    </Module>
    <Module skippedDueTo="Filter" hash="7A-15-82-83-09-E7-DF-16-F8-2C-E1-38-3F-33-71-6B-25-77-A2-DF">
      <ModulePath>c:\Program Files\dotnet\shared\Microsoft.NETCore.App\2.0.3\System.Xml.XDocument.dll</ModulePath>
      <ModuleTime>2017-10-16T19:46:18Z</ModuleTime>
      <ModuleName>System.Xml.XDocument</ModuleName>
      <Files />
      <Classes />
    </Module>
    <Module skippedDueTo="Filter" hash="EE-2C-65-96-1D-BC-3B-1D-02-24-A3-F2-DC-11-59-53-94-B7-64-32">
      <ModulePath>c:\Program Files\dotnet\shared\Microsoft.NETCore.App\2.0.3\System.Security.Cryptography.Algorithms.dll</ModulePath>
      <ModuleTime>2017-10-16T19:46:18Z</ModuleTime>
      <ModuleName>System.Security.Cryptography.Algorithms</ModuleName>
      <Files />
      <Classes />
    </Module>
    <Module skippedDueTo="Filter" hash="F5-DB-C9-51-1E-54-56-C2-42-AC-52-14-07-B5-99-6E-4F-44-80-15">
      <ModulePath>c:\Program Files\dotnet\shared\Microsoft.NETCore.App\2.0.3\System.Private.Xml.Linq.dll</ModulePath>
      <ModuleTime>2017-10-16T19:46:16Z</ModuleTime>
      <ModuleName>System.Private.Xml.Linq</ModuleName>
      <Files />
      <Classes />
    </Module>
    <Module skippedDueTo="Filter" hash="9B-CB-AC-22-FA-D1-14-69-F5-6D-AA-AC-D0-95-16-F9-5D-03-9B-8D">
      <ModulePath>c:\Program Files\dotnet\shared\Microsoft.NETCore.App\2.0.3\System.Security.Cryptography.Primitives.dll</ModulePath>
      <ModuleTime>2017-10-16T19:46:18Z</ModuleTime>
      <ModuleName>System.Security.Cryptography.Primitives</ModuleName>
      <Files />
      <Classes />
    </Module>
    <Module skippedDueTo="Filter" hash="C2-40-B6-30-DB-97-DE-B7-27-B7-18-01-B8-46-7D-E9-7C-16-AF-CB">
      <ModulePath>c:\Program Files\dotnet\shared\Microsoft.NETCore.App\2.0.3\System.Private.Xml.dll</ModulePath>
      <ModuleTime>2017-10-16T19:46:16Z</ModuleTime>
      <ModuleName>System.Private.Xml</ModuleName>
      <Files />
      <Classes />
    </Module>
    <Module skippedDueTo="Filter" hash="3A-FE-BB-8E-8F-AE-CF-5B-8C-11-5F-08-1A-07-7E-7E-1D-A0-A7-4E">
      <ModulePath>c:\Program Files\dotnet\shared\Microsoft.NETCore.App\2.0.3\System.Text.RegularExpressions.dll</ModulePath>
      <ModuleTime>2017-10-16T19:46:18Z</ModuleTime>
      <ModuleName>System.Text.RegularExpressions</ModuleName>
      <Files />
      <Classes />
    </Module>
    <Module skippedDueTo="Filter" hash="9D-07-C8-D6-0B-05-17-6A-61-85-51-96-75-7D-88-A1-E9-D7-21-85">
      <ModulePath>c:\Program Files\dotnet\shared\Microsoft.NETCore.App\2.0.3\System.Xml.ReaderWriter.dll</ModulePath>
      <ModuleTime>2017-10-16T19:46:18Z</ModuleTime>
      <ModuleName>System.Xml.ReaderWriter</ModuleName>
      <Files />
      <Classes />
    </Module>
    <Module skippedDueTo="Filter" hash="5D-01-4D-09-BA-45-B6-AF-7E-24-2A-E8-03-38-67-E9-9A-A6-B2-B0">
      <ModulePath>c:\Program Files\dotnet\shared\Microsoft.NETCore.App\2.0.3\System.Diagnostics.Tracing.dll</ModulePath>
      <ModuleTime>2017-10-16T19:46:16Z</ModuleTime>
      <ModuleName>System.Diagnostics.Tracing</ModuleName>
      <Files />
      <Classes />
    </Module>
    <Module skippedDueTo="Filter" hash="2E-50-46-DD-DD-8D-09-32-90-F2-A8-87-EA-7B-F1-EF-C7-53-73-77">
      <ModulePath>c:\Program Files\dotnet\shared\Microsoft.NETCore.App\2.0.3\System.Private.Uri.dll</ModulePath>
      <ModuleTime>2017-10-16T19:46:16Z</ModuleTime>
      <ModuleName>System.Private.Uri</ModuleName>
      <Files />
      <Classes />
    </Module>
    <Module skippedDueTo="Filter" hash="A9-C1-E6-5D-BE-0D-9B-CA-B0-37-75-CA-CC-B0-AC-25-CD-11-CD-F5">
      <ModulePath>c:\Program Files\dotnet\shared\Microsoft.NETCore.App\2.0.3\System.Threading.Tasks.dll</ModulePath>
      <ModuleTime>2017-10-16T19:46:18Z</ModuleTime>
      <ModuleName>System.Threading.Tasks</ModuleName>
      <Files />
      <Classes />
    </Module>
    <Module skippedDueTo="Filter" hash="5D-2F-9B-8B-B0-59-E7-E6-DA-C2-37-B1-DC-9B-EC-D8-3D-22-9A-A9">
      <ModulePath>c:\Program Files\dotnet\shared\Microsoft.NETCore.App\2.0.3\System.Globalization.dll</ModulePath>
      <ModuleTime>2017-10-16T19:46:16Z</ModuleTime>
      <ModuleName>System.Globalization</ModuleName>
      <Files />
      <Classes />
    </Module>
    <Module skippedDueTo="Filter" hash="1A-3C-AB-AD-5B-EB-8F-99-D2-94-DE-D2-67-A7-EB-06-E4-71-D4-E6">
      <ModulePath>c:\Program Files\dotnet\shared\Microsoft.NETCore.App\2.0.3\System.Resources.ResourceManager.dll</ModulePath>
      <ModuleTime>2017-10-16T19:46:18Z</ModuleTime>
      <ModuleName>System.Resources.ResourceManager</ModuleName>
      <Files />
      <Classes />
    </Module>
    <Module skippedDueTo="Filter" hash="1A-0D-C0-80-C8-45-A2-78-D5-2C-E5-25-2B-B5-E7-0E-FF-BF-07-67">
      <ModulePath>c:\Program Files\dotnet\sdk\2.1.2\es\dotnet.resources.dll</ModulePath>
      <ModuleTime>2017-11-28T19:05:30Z</ModuleTime>
      <ModuleName>dotnet.resources</ModuleName>
      <Files />
      <Classes />
    </Module>
    <Module skippedDueTo="Filter" hash="6C-AD-56-10-07-D7-01-81-60-23-CD-11-ED-79-90-F1-2E-9A-7F-2F">
      <ModulePath>c:\Program Files\dotnet\shared\Microsoft.NETCore.App\2.0.3\System.Diagnostics.Tools.dll</ModulePath>
      <ModuleTime>2017-10-16T19:46:16Z</ModuleTime>
      <ModuleName>System.Diagnostics.Tools</ModuleName>
      <Files />
      <Classes />
    </Module>
    <Module skippedDueTo="Filter" hash="2A-F1-B9-D4-54-E3-AD-5C-AC-54-8C-44-5E-F6-E9-3D-FD-02-BB-82">
      <ModulePath>c:\Program Files\dotnet\shared\Microsoft.NETCore.App\2.0.3\System.Diagnostics.Debug.dll</ModulePath>
      <ModuleTime>2017-10-16T19:46:16Z</ModuleTime>
      <ModuleName>System.Diagnostics.Debug</ModuleName>
      <Files />
      <Classes />
    </Module>
    <Module skippedDueTo="Filter" hash="ED-58-2C-E5-C4-17-AB-28-AB-7B-0B-04-89-0F-56-96-43-9E-5A-10">
      <ModulePath>c:\Program Files\dotnet\shared\Microsoft.NETCore.App\2.0.3\System.IO.Compression.dll</ModulePath>
      <ModuleTime>2017-10-16T19:46:16Z</ModuleTime>
      <ModuleName>System.IO.Compression</ModuleName>
      <Files />
      <Classes />
    </Module>
    <Module skippedDueTo="Filter" hash="5C-C5-89-48-1F-D6-D3-10-81-06-67-F9-6A-F5-E8-36-29-9A-F4-AA">
      <ModulePath>c:\Program Files\dotnet\shared\Microsoft.NETCore.App\2.0.3\System.Buffers.dll</ModulePath>
      <ModuleTime>2017-10-16T19:46:16Z</ModuleTime>
      <ModuleName>System.Buffers</ModuleName>
      <Files />
      <Classes />
    </Module>
    <Module skippedDueTo="Filter" hash="D8-39-D4-4D-4E-3F-43-90-5D-0D-A6-D9-57-C2-38-AE-01-4B-84-F0">
      <ModulePath>c:\Program Files\dotnet\sdk\2.1.2\Microsoft.Build.Utilities.Core.dll</ModulePath>
      <ModuleTime>2017-11-28T19:05:18Z</ModuleTime>
      <ModuleName>Microsoft.Build.Utilities.Core</ModuleName>
      <Files />
      <Classes />
    </Module>
    <Module skippedDueTo="Filter" hash="0E-C6-BD-3C-B9-B7-18-21-E6-02-0C-08-35-F8-A0-46-4F-32-47-BC">
      <ModulePath>c:\Program Files\dotnet\sdk\2.1.2\Microsoft.Build.Framework.dll</ModulePath>
      <ModuleTime>2017-11-28T19:05:18Z</ModuleTime>
      <ModuleName>Microsoft.Build.Framework</ModuleName>
      <Files />
      <Classes />
    </Module>
    <Module skippedDueTo="Filter" hash="B2-31-DB-B0-4B-C6-D9-64-A2-60-4E-C2-40-62-DA-AF-FE-6B-90-D8">
      <ModulePath>c:\Program Files\dotnet\shared\Microsoft.NETCore.App\2.0.3\System.Reflection.TypeExtensions.dll</ModulePath>
      <ModuleTime>2017-10-16T19:46:18Z</ModuleTime>
      <ModuleName>System.Reflection.TypeExtensions</ModuleName>
      <Files />
      <Classes />
    </Module>
    <Module skippedDueTo="Filter" hash="5F-CA-90-3E-6B-73-7B-98-4E-AD-23-48-50-E4-2B-BF-35-66-56-F4">
      <ModulePath>c:\Program Files\dotnet\shared\Microsoft.NETCore.App\2.0.3\System.Net.Http.dll</ModulePath>
      <ModuleTime>2017-10-16T19:46:16Z</ModuleTime>
      <ModuleName>System.Net.Http</ModuleName>
      <Files />
      <Classes />
    </Module>
    <Module skippedDueTo="Filter" hash="0C-F8-15-91-19-61-8A-CA-8A-E2-FF-A7-B1-2C-92-A0-55-F6-F3-28">
      <ModulePath>c:\Program Files\dotnet\shared\Microsoft.NETCore.App\2.0.3\System.Net.Primitives.dll</ModulePath>
      <ModuleTime>2017-10-16T19:46:16Z</ModuleTime>
      <ModuleName>System.Net.Primitives</ModuleName>
      <Files />
      <Classes />
    </Module>
    <Module skippedDueTo="Filter" hash="FD-3D-B8-56-BE-FF-8C-95-37-B8-B2-18-4E-C9-D9-B0-8A-72-A0-32">
      <ModulePath>c:\Program Files\dotnet\shared\Microsoft.NETCore.App\2.0.3\System.ComponentModel.Primitives.dll</ModulePath>
      <ModuleTime>2017-10-16T19:46:16Z</ModuleTime>
      <ModuleName>System.ComponentModel.Primitives</ModuleName>
      <Files />
      <Classes />
    </Module>
    <Module skippedDueTo="Filter" hash="25-8E-2B-C6-AE-B6-55-C8-92-2C-1D-A2-45-8B-CB-4B-2A-A0-87-B6">
      <ModulePath>c:\Program Files\dotnet\shared\Microsoft.NETCore.App\2.0.3\Microsoft.Win32.Primitives.dll</ModulePath>
      <ModuleTime>2017-10-16T19:46:16Z</ModuleTime>
      <ModuleName>Microsoft.Win32.Primitives</ModuleName>
      <Files />
      <Classes />
    </Module>
    <Module skippedDueTo="Filter" hash="D7-EF-CB-80-BE-BE-58-19-63-92-D7-C8-C8-8A-0E-32-F4-00-A0-7C">
      <ModulePath>c:\Program Files\dotnet\shared\Microsoft.NETCore.App\2.0.3\System.Diagnostics.DiagnosticSource.dll</ModulePath>
      <ModuleTime>2017-10-16T19:46:16Z</ModuleTime>
      <ModuleName>System.Diagnostics.DiagnosticSource</ModuleName>
      <Files />
      <Classes />
    </Module>
    <Module skippedDueTo="Filter" hash="2C-A8-DF-60-4E-75-70-96-86-C0-80-C7-D5-CE-5B-50-AD-66-F3-09">
      <ModulePath>c:\Program Files\dotnet\shared\Microsoft.NETCore.App\2.0.3\System.Security.Cryptography.X509Certificates.dll</ModulePath>
      <ModuleTime>2017-10-16T19:46:18Z</ModuleTime>
      <ModuleName>System.Security.Cryptography.X509Certificates</ModuleName>
      <Files />
      <Classes />
    </Module>
    <Module skippedDueTo="Filter" hash="0D-72-F1-66-71-E3-5E-C9-F7-8A-3A-41-5D-FC-F8-22-38-CF-38-6F">
      <ModulePath>c:\Program Files\dotnet\shared\Microsoft.NETCore.App\2.0.3\System.Collections.NonGeneric.dll</ModulePath>
      <ModuleTime>2017-10-16T19:46:16Z</ModuleTime>
      <ModuleName>System.Collections.NonGeneric</ModuleName>
      <Files />
      <Classes />
    </Module>
    <Module skippedDueTo="Filter" hash="26-C3-90-24-75-23-5D-CC-CA-46-C0-92-7E-96-43-B5-40-00-83-7F">
      <ModulePath>c:\Program Files\dotnet\shared\Microsoft.NETCore.App\2.0.3\System.Private.CoreLib.dll</ModulePath>
      <ModuleTime>2017-10-16T19:46:18Z</ModuleTime>
      <ModuleName>System.Private.CoreLib</ModuleName>
      <Files />
      <Classes />
    </Module>
    <Module skippedDueTo="Filter" hash="03-24-92-62-07-A1-00-1F-4C-17-21-E3-C9-CB-B3-BA-0F-FE-2D-D3">
      <ModulePath>c:\Program Files\dotnet\sdk\2.1.2\MSBuild.dll</ModulePath>
      <ModuleTime>2017-11-28T19:06:18Z</ModuleTime>
      <ModuleName>MSBuild</ModuleName>
      <Files />
      <Classes />
    </Module>
    <Module skippedDueTo="Filter" hash="4A-8F-65-8B-4A-A5-3E-B7-E2-BC-F3-23-33-A9-CF-46-B0-0B-BF-A3">
      <ModulePath>c:\Program Files\dotnet\shared\Microsoft.NETCore.App\2.0.3\System.Runtime.dll</ModulePath>
      <ModuleTime>2017-10-16T19:46:18Z</ModuleTime>
      <ModuleName>System.Runtime</ModuleName>
      <Files />
      <Classes />
    </Module>
    <Module skippedDueTo="Filter" hash="B0-E0-8C-99-09-3A-DF-23-09-C5-7C-2A-C5-40-C1-4C-99-18-B6-33">
      <ModulePath>c:\Program Files\dotnet\shared\Microsoft.NETCore.App\2.0.3\System.Runtime.Extensions.dll</ModulePath>
      <ModuleTime>2017-10-16T19:46:18Z</ModuleTime>
      <ModuleName>System.Runtime.Extensions</ModuleName>
      <Files />
      <Classes />
    </Module>
    <Module skippedDueTo="Filter" hash="39-B5-92-E1-80-6D-9D-DF-41-24-82-B8-32-CF-22-FF-84-A0-37-EA">
      <ModulePath>c:\Program Files\dotnet\shared\Microsoft.NETCore.App\2.0.3\System.Threading.dll</ModulePath>
      <ModuleTime>2017-10-16T19:46:18Z</ModuleTime>
      <ModuleName>System.Threading</ModuleName>
      <Files />
      <Classes />
    </Module>
    <Module skippedDueTo="Filter" hash="06-69-E2-02-F1-E2-73-39-9D-83-2C-D7-5C-C4-F7-91-7A-C4-8E-E7">
      <ModulePath>c:\Program Files\dotnet\shared\Microsoft.NETCore.App\2.0.3\System.Reflection.dll</ModulePath>
      <ModuleTime>2017-10-16T19:46:18Z</ModuleTime>
      <ModuleName>System.Reflection</ModuleName>
      <Files />
      <Classes />
    </Module>
    <Module skippedDueTo="Filter" hash="B2-31-DB-B0-4B-C6-D9-64-A2-60-4E-C2-40-62-DA-AF-FE-6B-90-D8">
      <ModulePath>c:\Program Files\dotnet\shared\Microsoft.NETCore.App\2.0.3\System.Reflection.TypeExtensions.dll</ModulePath>
      <ModuleTime>2017-10-16T19:46:18Z</ModuleTime>
      <ModuleName>System.Reflection.TypeExtensions</ModuleName>
      <Files />
      <Classes />
    </Module>
    <Module skippedDueTo="Filter" hash="5D-2F-9B-8B-B0-59-E7-E6-DA-C2-37-B1-DC-9B-EC-D8-3D-22-9A-A9">
      <ModulePath>c:\Program Files\dotnet\shared\Microsoft.NETCore.App\2.0.3\System.Globalization.dll</ModulePath>
      <ModuleTime>2017-10-16T19:46:16Z</ModuleTime>
      <ModuleName>System.Globalization</ModuleName>
      <Files />
      <Classes />
    </Module>
    <Module skippedDueTo="Filter" hash="61-16-5D-79-9B-CE-CF-63-33-69-FE-2B-CD-E5-CB-B7-E8-3D-D9-7E">
      <ModulePath>c:\Program Files\dotnet\shared\Microsoft.NETCore.App\2.0.3\System.IO.FileSystem.dll</ModulePath>
      <ModuleTime>2017-10-16T19:46:16Z</ModuleTime>
      <ModuleName>System.IO.FileSystem</ModuleName>
      <Files />
      <Classes />
    </Module>
    <Module skippedDueTo="Filter" hash="F9-BC-F3-11-43-C6-74-18-CA-4B-3B-83-CB-24-63-46-87-13-A9-7A">
      <ModulePath>c:\Program Files\dotnet\shared\Microsoft.NETCore.App\2.0.3\System.Linq.dll</ModulePath>
      <ModuleTime>2017-10-16T19:46:16Z</ModuleTime>
      <ModuleName>System.Linq</ModuleName>
      <Files />
      <Classes />
    </Module>
    <Module skippedDueTo="Filter" hash="3A-FE-BB-8E-8F-AE-CF-5B-8C-11-5F-08-1A-07-7E-7E-1D-A0-A7-4E">
      <ModulePath>c:\Program Files\dotnet\shared\Microsoft.NETCore.App\2.0.3\System.Text.RegularExpressions.dll</ModulePath>
      <ModuleTime>2017-10-16T19:46:18Z</ModuleTime>
      <ModuleName>System.Text.RegularExpressions</ModuleName>
      <Files />
      <Classes />
    </Module>
    <Module skippedDueTo="Filter" hash="7B-E5-46-CC-B4-85-A0-09-28-75-27-3D-02-A4-18-07-C2-B4-71-9B">
      <ModulePath>c:\Program Files\dotnet\shared\Microsoft.NETCore.App\2.0.3\System.Runtime.InteropServices.RuntimeInformation.dll</ModulePath>
      <ModuleTime>2017-10-16T19:46:18Z</ModuleTime>
      <ModuleName>System.Runtime.InteropServices.RuntimeInformation</ModuleName>
      <Files />
      <Classes />
    </Module>
    <Module skippedDueTo="Filter" hash="B3-9E-DB-77-A7-DF-96-93-4B-6A-40-0C-83-30-CF-C0-5B-4C-CD-76">
      <ModulePath>c:\Program Files\dotnet\shared\Microsoft.NETCore.App\2.0.3\System.Collections.dll</ModulePath>
      <ModuleTime>2017-10-16T19:46:16Z</ModuleTime>
      <ModuleName>System.Collections</ModuleName>
      <Files />
      <Classes />
    </Module>
    <Module skippedDueTo="Filter" hash="97-86-71-18-67-36-CF-86-B1-74-E9-8E-5D-82-BA-42-6A-42-6E-36">
      <ModulePath>c:\Program Files\dotnet\shared\Microsoft.NETCore.App\2.0.3\System.Runtime.InteropServices.dll</ModulePath>
      <ModuleTime>2017-10-16T19:46:18Z</ModuleTime>
      <ModuleName>System.Runtime.InteropServices</ModuleName>
      <Files />
      <Classes />
    </Module>
    <Module skippedDueTo="Filter" hash="7C-76-6F-C3-0D-50-D1-7E-68-CD-EC-AE-3B-9F-D6-6C-23-12-A1-89">
      <ModulePath>c:\Program Files\dotnet\shared\Microsoft.NETCore.App\2.0.3\System.Console.dll</ModulePath>
      <ModuleTime>2017-10-16T19:46:16Z</ModuleTime>
      <ModuleName>System.Console</ModuleName>
      <Files />
      <Classes />
    </Module>
    <Module skippedDueTo="Filter" hash="F0-C5-F4-B7-29-88-AF-63-18-BB-5C-41-65-79-71-04-31-31-FD-EC">
      <ModulePath>c:\Program Files\dotnet\shared\Microsoft.NETCore.App\2.0.3\System.Diagnostics.Process.dll</ModulePath>
      <ModuleTime>2017-10-16T19:46:16Z</ModuleTime>
      <ModuleName>System.Diagnostics.Process</ModuleName>
      <Files />
      <Classes />
    </Module>
    <Module skippedDueTo="Filter" hash="FD-3D-B8-56-BE-FF-8C-95-37-B8-B2-18-4E-C9-D9-B0-8A-72-A0-32">
      <ModulePath>c:\Program Files\dotnet\shared\Microsoft.NETCore.App\2.0.3\System.ComponentModel.Primitives.dll</ModulePath>
      <ModuleTime>2017-10-16T19:46:16Z</ModuleTime>
      <ModuleName>System.ComponentModel.Primitives</ModuleName>
      <Files />
      <Classes />
    </Module>
    <Module skippedDueTo="Filter" hash="0E-C6-BD-3C-B9-B7-18-21-E6-02-0C-08-35-F8-A0-46-4F-32-47-BC">
      <ModulePath>c:\Program Files\dotnet\sdk\2.1.2\Microsoft.Build.Framework.dll</ModulePath>
      <ModuleTime>2017-11-28T19:05:18Z</ModuleTime>
      <ModuleName>Microsoft.Build.Framework</ModuleName>
      <Files />
      <Classes />
    </Module>
    <Module skippedDueTo="Filter" hash="48-96-9B-02-C4-37-FE-4C-70-4F-56-63-42-2C-CF-2D-A8-B8-44-4A">
      <ModulePath>c:\Program Files\dotnet\shared\Microsoft.NETCore.App\2.0.3\System.IO.dll</ModulePath>
      <ModuleTime>2017-10-16T19:46:16Z</ModuleTime>
      <ModuleName>System.IO</ModuleName>
      <Files />
      <Classes />
    </Module>
    <Module skippedDueTo="Filter" hash="F0-BD-58-04-79-E6-28-3A-2F-6A-95-C0-80-A9-B7-DA-BD-02-FA-22">
      <ModulePath>c:\Program Files\dotnet\sdk\2.1.2\Microsoft.Build.dll</ModulePath>
      <ModuleTime>2017-11-28T19:05:20Z</ModuleTime>
      <ModuleName>Microsoft.Build</ModuleName>
      <Files />
      <Classes />
    </Module>
    <Module skippedDueTo="Filter" hash="D5-C5-C2-38-66-2B-BA-E8-BD-F6-A2-BA-56-9C-FE-D8-C4-76-F4-17">
      <ModulePath>c:\Program Files\dotnet\sdk\2.1.2\runtimes\win\lib\netstandard1.3\System.Text.Encoding.CodePages.dll</ModulePath>
      <ModuleTime>2017-11-28T19:09:26Z</ModuleTime>
      <ModuleName>System.Text.Encoding.CodePages</ModuleName>
      <Files />
      <Classes />
    </Module>
    <Module skippedDueTo="Filter" hash="18-67-F2-BC-DA-07-0D-B9-58-29-53-BF-F1-4C-7C-82-01-76-9D-95">
      <ModulePath>c:\Program Files\dotnet\shared\Microsoft.NETCore.App\2.0.3\System.Text.Encoding.dll</ModulePath>
      <ModuleTime>2017-10-16T19:46:18Z</ModuleTime>
      <ModuleName>System.Text.Encoding</ModuleName>
      <Files />
      <Classes />
    </Module>
    <Module skippedDueTo="Filter" hash="0D-72-F1-66-71-E3-5E-C9-F7-8A-3A-41-5D-FC-F8-22-38-CF-38-6F">
      <ModulePath>c:\Program Files\dotnet\shared\Microsoft.NETCore.App\2.0.3\System.Collections.NonGeneric.dll</ModulePath>
      <ModuleTime>2017-10-16T19:46:16Z</ModuleTime>
      <ModuleName>System.Collections.NonGeneric</ModuleName>
      <Files />
      <Classes />
    </Module>
    <Module skippedDueTo="Filter" hash="B6-DD-CA-B3-F6-48-A4-04-2B-DE-04-61-65-1A-1D-50-19-BE-9A-26">
      <ModulePath>c:\Program Files\dotnet\shared\Microsoft.NETCore.App\2.0.3\System.Diagnostics.FileVersionInfo.dll</ModulePath>
      <ModuleTime>2017-10-16T19:46:16Z</ModuleTime>
      <ModuleName>System.Diagnostics.FileVersionInfo</ModuleName>
      <Files />
      <Classes />
    </Module>
    <Module skippedDueTo="Filter" hash="1A-3C-AB-AD-5B-EB-8F-99-D2-94-DE-D2-67-A7-EB-06-E4-71-D4-E6">
      <ModulePath>c:\Program Files\dotnet\shared\Microsoft.NETCore.App\2.0.3\System.Resources.ResourceManager.dll</ModulePath>
      <ModuleTime>2017-10-16T19:46:18Z</ModuleTime>
      <ModuleName>System.Resources.ResourceManager</ModuleName>
      <Files />
      <Classes />
    </Module>
    <Module skippedDueTo="Filter" hash="43-DB-71-B4-04-84-35-13-91-67-CF-A2-73-78-F5-DC-11-B4-66-9D">
      <ModulePath>c:\Program Files\dotnet\sdk\2.1.2\es\MSBuild.resources.dll</ModulePath>
      <ModuleTime>2017-11-28T19:06:16Z</ModuleTime>
      <ModuleName>MSBuild.resources</ModuleName>
      <Files />
      <Classes />
    </Module>
    <Module skippedDueTo="Filter" hash="84-66-57-4C-D4-02-18-1A-72-BA-90-0A-4E-05-17-ED-A2-C4-F9-84">
      <ModulePath>c:\Program Files\dotnet\shared\Microsoft.NETCore.App\2.0.3\System.Text.Encoding.Extensions.dll</ModulePath>
      <ModuleTime>2017-10-16T19:46:18Z</ModuleTime>
      <ModuleName>System.Text.Encoding.Extensions</ModuleName>
      <Files />
      <Classes />
    </Module>
    <Module skippedDueTo="Filter" hash="6C-7A-E0-70-AC-7C-1F-EB-33-93-6D-55-5A-BA-C2-0D-E0-06-5D-95">
      <ModulePath>c:\Program Files\dotnet\shared\Microsoft.NETCore.App\2.0.3\System.Runtime.Handles.dll</ModulePath>
      <ModuleTime>2017-10-16T19:46:18Z</ModuleTime>
      <ModuleName>System.Runtime.Handles</ModuleName>
      <Files />
      <Classes />
    </Module>
    <Module skippedDueTo="Filter" hash="DD-1C-65-2C-49-24-BD-EC-76-E6-9D-35-56-A5-D8-6E-56-5C-28-1E">
      <ModulePath>c:\Program Files\dotnet\shared\Microsoft.NETCore.App\2.0.3\System.Collections.Concurrent.dll</ModulePath>
      <ModuleTime>2017-10-16T19:46:16Z</ModuleTime>
      <ModuleName>System.Collections.Concurrent</ModuleName>
      <Files />
      <Classes />
    </Module>
    <Module skippedDueTo="Filter" hash="E1-DC-95-C3-06-D9-0E-9E-06-93-CC-6F-6F-93-69-BF-51-22-47-9F">
      <ModulePath>c:\Program Files\dotnet\sdk\2.1.2\dotnet.dll</ModulePath>
      <ModuleTime>2017-11-28T19:05:30Z</ModuleTime>
      <ModuleName>dotnet</ModuleName>
      <Files />
      <Classes />
    </Module>
    <Module skippedDueTo="Filter" hash="D8-39-D4-4D-4E-3F-43-90-5D-0D-A6-D9-57-C2-38-AE-01-4B-84-F0">
      <ModulePath>c:\Program Files\dotnet\sdk\2.1.2\Microsoft.Build.Utilities.Core.dll</ModulePath>
      <ModuleTime>2017-11-28T19:05:18Z</ModuleTime>
      <ModuleName>Microsoft.Build.Utilities.Core</ModuleName>
      <Files />
      <Classes />
    </Module>
    <Module skippedDueTo="Filter" hash="B2-1E-56-31-2D-A9-55-2D-DC-E1-00-07-6D-F4-9D-3F-68-05-9E-44">
      <ModulePath>c:\Program Files\dotnet\sdk\2.1.2\Microsoft.DotNet.Tools.MigrateCommand.dll</ModulePath>
      <ModuleTime>2017-11-28T19:05:20Z</ModuleTime>
      <ModuleName>Microsoft.DotNet.Tools.MigrateCommand</ModuleName>
      <Files />
      <Classes />
    </Module>
    <Module skippedDueTo="Filter" hash="E7-CC-DF-F6-E5-2E-C4-44-BA-AF-38-D9-DE-15-FB-42-6A-ED-97-18">
      <ModulePath>c:\Program Files\dotnet\sdk\2.1.2\Microsoft.DotNet.Cli.Utils.dll</ModulePath>
      <ModuleTime>2017-11-28T19:05:18Z</ModuleTime>
      <ModuleName>Microsoft.DotNet.Cli.Utils</ModuleName>
      <Files />
      <Classes />
    </Module>
    <Module skippedDueTo="Filter" hash="9C-75-D5-25-AB-58-19-CC-C3-C6-1D-19-AB-58-91-F3-30-B9-05-3D">
      <ModulePath>c:\Program Files\dotnet\sdk\2.1.2\NuGet.Frameworks.dll</ModulePath>
      <ModuleTime>2017-11-28T19:05:18Z</ModuleTime>
      <ModuleName>NuGet.Frameworks</ModuleName>
      <Files />
      <Classes />
    </Module>
    <Module skippedDueTo="Filter" hash="10-38-FB-36-C4-F2-6A-DC-7B-C4-A0-C7-6F-38-06-06-5B-09-9D-9A">
      <ModulePath>c:\Program Files\dotnet\shared\Microsoft.NETCore.App\2.0.3\System.Reflection.Extensions.dll</ModulePath>
      <ModuleTime>2017-10-16T19:46:18Z</ModuleTime>
      <ModuleName>System.Reflection.Extensions</ModuleName>
      <Files />
      <Classes />
    </Module>
    <Module skippedDueTo="Filter" hash="EC-67-7E-95-4D-CD-5F-75-DE-AD-32-07-DE-4E-46-38-AE-3B-98-B2">
      <ModulePath>c:\Program Files\dotnet\sdk\2.1.2\Microsoft.DotNet.Configurer.dll</ModulePath>
      <ModuleTime>2017-11-28T19:05:18Z</ModuleTime>
      <ModuleName>Microsoft.DotNet.Configurer</ModuleName>
      <Files />
      <Classes />
    </Module>
    <Module skippedDueTo="Filter" hash="01-AA-1D-C0-3F-8A-48-FC-7B-0E-C1-0A-0B-37-B0-88-4D-CA-96-6D">
      <ModulePath>c:\Program Files\dotnet\sdk\2.1.2\Microsoft.DotNet.InternalAbstractions.dll</ModulePath>
      <ModuleTime>2017-11-28T19:05:20Z</ModuleTime>
      <ModuleName>Microsoft.DotNet.InternalAbstractions</ModuleName>
      <Files />
      <Classes />
    </Module>
    <Module skippedDueTo="Filter" hash="2E-E1-2D-F8-B6-D8-46-43-AB-93-25-F6-E0-DA-F4-2E-CC-D5-44-36">
      <ModulePath>c:\Program Files\dotnet\shared\Microsoft.NETCore.App\2.0.3\System.IO.FileSystem.Primitives.dll</ModulePath>
      <ModuleTime>2017-10-16T19:46:16Z</ModuleTime>
      <ModuleName>System.IO.FileSystem.Primitives</ModuleName>
      <Files />
      <Classes />
    </Module>
    <Module skippedDueTo="Filter" hash="90-81-3B-CD-F7-73-8D-93-5B-F8-06-90-EE-E8-F4-1B-FC-8E-A0-3B">
      <ModulePath>c:\Program Files\dotnet\sdk\2.1.2\Microsoft.ApplicationInsights.dll</ModulePath>
      <ModuleTime>2017-11-28T18:57:02Z</ModuleTime>
      <ModuleName>Microsoft.ApplicationInsights</ModuleName>
      <Files />
      <Classes />
    </Module>
    <Module skippedDueTo="Filter" hash="E5-1A-BB-CA-0A-0F-E7-56-22-7D-3F-AC-FE-BC-91-63-55-9F-BF-03">
      <ModulePath>c:\Program Files\dotnet\sdk\2.1.2\Microsoft.DotNet.PlatformAbstractions.dll</ModulePath>
      <ModuleTime>2017-11-28T19:05:20Z</ModuleTime>
      <ModuleName>Microsoft.DotNet.PlatformAbstractions</ModuleName>
      <Files />
      <Classes />
    </Module>
    <Module skippedDueTo="Filter" hash="7A-15-82-83-09-E7-DF-16-F8-2C-E1-38-3F-33-71-6B-25-77-A2-DF">
      <ModulePath>c:\Program Files\dotnet\shared\Microsoft.NETCore.App\2.0.3\System.Xml.XDocument.dll</ModulePath>
      <ModuleTime>2017-10-16T19:46:18Z</ModuleTime>
      <ModuleName>System.Xml.XDocument</ModuleName>
      <Files />
      <Classes />
    </Module>
    <Module skippedDueTo="Filter" hash="F5-DB-C9-51-1E-54-56-C2-42-AC-52-14-07-B5-99-6E-4F-44-80-15">
      <ModulePath>c:\Program Files\dotnet\shared\Microsoft.NETCore.App\2.0.3\System.Private.Xml.Linq.dll</ModulePath>
      <ModuleTime>2017-10-16T19:46:16Z</ModuleTime>
      <ModuleName>System.Private.Xml.Linq</ModuleName>
      <Files />
      <Classes />
    </Module>
    <Module skippedDueTo="Filter" hash="C2-40-B6-30-DB-97-DE-B7-27-B7-18-01-B8-46-7D-E9-7C-16-AF-CB">
      <ModulePath>c:\Program Files\dotnet\shared\Microsoft.NETCore.App\2.0.3\System.Private.Xml.dll</ModulePath>
      <ModuleTime>2017-10-16T19:46:16Z</ModuleTime>
      <ModuleName>System.Private.Xml</ModuleName>
      <Files />
      <Classes />
    </Module>
    <Module skippedDueTo="Filter" hash="9D-07-C8-D6-0B-05-17-6A-61-85-51-96-75-7D-88-A1-E9-D7-21-85">
      <ModulePath>c:\Program Files\dotnet\shared\Microsoft.NETCore.App\2.0.3\System.Xml.ReaderWriter.dll</ModulePath>
      <ModuleTime>2017-10-16T19:46:18Z</ModuleTime>
      <ModuleName>System.Xml.ReaderWriter</ModuleName>
      <Files />
      <Classes />
    </Module>
    <Module skippedDueTo="Filter" hash="5D-01-4D-09-BA-45-B6-AF-7E-24-2A-E8-03-38-67-E9-9A-A6-B2-B0">
      <ModulePath>c:\Program Files\dotnet\shared\Microsoft.NETCore.App\2.0.3\System.Diagnostics.Tracing.dll</ModulePath>
      <ModuleTime>2017-10-16T19:46:16Z</ModuleTime>
      <ModuleName>System.Diagnostics.Tracing</ModuleName>
      <Files />
      <Classes />
    </Module>
    <Module skippedDueTo="Filter" hash="2E-50-46-DD-DD-8D-09-32-90-F2-A8-87-EA-7B-F1-EF-C7-53-73-77">
      <ModulePath>c:\Program Files\dotnet\shared\Microsoft.NETCore.App\2.0.3\System.Private.Uri.dll</ModulePath>
      <ModuleTime>2017-10-16T19:46:16Z</ModuleTime>
      <ModuleName>System.Private.Uri</ModuleName>
      <Files />
      <Classes />
    </Module>
    <Module skippedDueTo="Filter" hash="A9-C1-E6-5D-BE-0D-9B-CA-B0-37-75-CA-CC-B0-AC-25-CD-11-CD-F5">
      <ModulePath>c:\Program Files\dotnet\shared\Microsoft.NETCore.App\2.0.3\System.Threading.Tasks.dll</ModulePath>
      <ModuleTime>2017-10-16T19:46:18Z</ModuleTime>
      <ModuleName>System.Threading.Tasks</ModuleName>
      <Files />
      <Classes />
    </Module>
    <Module skippedDueTo="Filter" hash="59-D8-16-A6-2F-B5-D9-1D-0D-CA-82-53-5A-88-32-3F-21-5F-BF-8A">
      <ModulePath>c:\Program Files\dotnet\shared\Microsoft.NETCore.App\2.0.3\System.Threading.Tasks.Dataflow.dll</ModulePath>
      <ModuleTime>2017-10-16T19:46:18Z</ModuleTime>
      <ModuleName>System.Threading.Tasks.Dataflow</ModuleName>
      <Files />
      <Classes />
    </Module>
    <Module skippedDueTo="Filter" hash="97-09-67-7F-34-EF-B4-A9-88-93-59-A7-2A-A5-90-43-75-38-0E-DC">
      <ModulePath>c:\Program Files\dotnet\shared\Microsoft.NETCore.App\2.0.3\netstandard.dll</ModulePath>
      <ModuleTime>2017-10-16T19:46:18Z</ModuleTime>
      <ModuleName>netstandard</ModuleName>
      <Files />
      <Classes />
    </Module>
    <Module skippedDueTo="Filter" hash="EE-2C-65-96-1D-BC-3B-1D-02-24-A3-F2-DC-11-59-53-94-B7-64-32">
      <ModulePath>c:\Program Files\dotnet\shared\Microsoft.NETCore.App\2.0.3\System.Security.Cryptography.Algorithms.dll</ModulePath>
      <ModuleTime>2017-10-16T19:46:18Z</ModuleTime>
      <ModuleName>System.Security.Cryptography.Algorithms</ModuleName>
      <Files />
      <Classes />
    </Module>
    <Module skippedDueTo="Filter" hash="9B-CB-AC-22-FA-D1-14-69-F5-6D-AA-AC-D0-95-16-F9-5D-03-9B-8D">
      <ModulePath>c:\Program Files\dotnet\shared\Microsoft.NETCore.App\2.0.3\System.Security.Cryptography.Primitives.dll</ModulePath>
      <ModuleTime>2017-10-16T19:46:18Z</ModuleTime>
      <ModuleName>System.Security.Cryptography.Primitives</ModuleName>
      <Files />
      <Classes />
    </Module>
    <Module skippedDueTo="Filter" hash="DA-17-FB-89-1C-47-78-85-EA-72-29-D7-35-22-6A-46-FC-EE-B0-03">
      <ModulePath>c:\Program Files\dotnet\sdk\2.1.2\es\Microsoft.Build.resources.dll</ModulePath>
      <ModuleTime>2017-11-28T19:05:00Z</ModuleTime>
      <ModuleName>Microsoft.Build.resources</ModuleName>
      <Files />
      <Classes />
    </Module>
    <Module skippedDueTo="Filter" hash="5E-9E-6B-6A-B8-B0-48-B4-8D-F0-A9-D1-9E-13-8A-39-B6-4D-3C-76">
      <ModulePath>c:\Program Files\dotnet\shared\Microsoft.NETCore.App\2.0.3\System.ObjectModel.dll</ModulePath>
      <ModuleTime>2017-10-16T19:46:16Z</ModuleTime>
      <ModuleName>System.ObjectModel</ModuleName>
      <Files />
      <Classes />
    </Module>
    <Module skippedDueTo="Filter" hash="D8-BA-CC-F3-E7-0B-5A-27-2D-1D-56-B9-69-72-F8-53-17-F5-B4-56">
      <ModulePath>c:\Program Files\dotnet\shared\Microsoft.NETCore.App\2.0.3\System.Threading.Thread.dll</ModulePath>
      <ModuleTime>2017-10-16T19:46:18Z</ModuleTime>
      <ModuleName>System.Threading.Thread</ModuleName>
      <Files />
      <Classes />
    </Module>
    <Module skippedDueTo="Filter" hash="63-F4-8F-F8-44-8F-AF-43-A9-95-EF-F3-C4-2E-E7-06-89-49-9F-16">
      <ModulePath>c:\Program Files\dotnet\shared\Microsoft.NETCore.App\2.0.3\System.Xml.XmlDocument.dll</ModulePath>
      <ModuleTime>2017-10-16T19:46:18Z</ModuleTime>
      <ModuleName>System.Xml.XmlDocument</ModuleName>
      <Files />
      <Classes />
    </Module>
    <Module skippedDueTo="Filter" hash="42-26-8F-5E-FA-7A-1E-24-91-00-A7-33-78-A7-11-3A-AD-93-90-4C">
      <ModulePath>c:\Program Files\dotnet\shared\Microsoft.NETCore.App\2.0.3\System.Diagnostics.TraceSource.dll</ModulePath>
      <ModuleTime>2017-10-16T19:46:16Z</ModuleTime>
      <ModuleName>System.Diagnostics.TraceSource</ModuleName>
      <Files />
      <Classes />
    </Module>
    <Module skippedDueTo="Filter" hash="36-E8-12-90-6F-79-37-F9-16-97-E8-04-51-88-75-77-34-C7-36-7D">
      <ModulePath>c:\Program Files\dotnet\shared\Microsoft.NETCore.App\2.0.3\System.Collections.Immutable.dll</ModulePath>
      <ModuleTime>2017-10-16T19:46:16Z</ModuleTime>
      <ModuleName>System.Collections.Immutable</ModuleName>
      <Files />
      <Classes />
    </Module>
    <Module skippedDueTo="Filter" hash="F6-5D-D4-7B-51-D4-71-03-BC-E5-7D-E8-17-55-E4-E5-9A-00-7D-23">
      <ModulePath>c:\Program Files\dotnet\shared\Microsoft.NETCore.App\2.0.3\System.Reflection.Primitives.dll</ModulePath>
      <ModuleTime>2017-10-16T19:46:18Z</ModuleTime>
      <ModuleName>System.Reflection.Primitives</ModuleName>
      <Files />
      <Classes />
    </Module>
    <Module skippedDueTo="Filter" hash="50-69-AA-F4-F7-98-D1-E7-AC-62-9C-57-F1-88-0F-69-BA-8D-0C-D0">
      <ModulePath>c:\Program Files\dotnet\shared\Microsoft.NETCore.App\2.0.3\System.Threading.Tasks.Parallel.dll</ModulePath>
      <ModuleTime>2017-10-16T19:46:18Z</ModuleTime>
      <ModuleName>System.Threading.Tasks.Parallel</ModuleName>
      <Files />
      <Classes />
    </Module>
    <Module skippedDueTo="Filter" hash="D8-C2-CB-8D-FE-D2-41-59-A8-3B-D1-11-1B-BF-85-30-7D-8E-FA-BE">
      <ModulePath>c:\Program Files\dotnet\sdk\2.1.2\Microsoft.Build.Tasks.Core.dll</ModulePath>
      <ModuleTime>2017-11-28T19:05:18Z</ModuleTime>
      <ModuleName>Microsoft.Build.Tasks.Core</ModuleName>
      <Files />
      <Classes />
    </Module>
    <Module skippedDueTo="Filter" hash="A6-96-8D-21-F0-C9-16-49-EC-6E-8C-AB-07-92-58-E6-E5-9A-CB-79">
      <ModulePath>c:\Program Files\dotnet\shared\Microsoft.NETCore.App\2.0.3\System.Threading.ThreadPool.dll</ModulePath>
      <ModuleTime>2017-10-16T19:46:18Z</ModuleTime>
      <ModuleName>System.Threading.ThreadPool</ModuleName>
      <Files />
      <Classes />
    </Module>
    <Module skippedDueTo="Filter" hash="69-7D-64-BF-9F-B4-2A-D6-4E-86-02-38-2C-52-68-88-FF-C0-6E-6D">
      <ModulePath>c:\Program Files\dotnet\sdk\2.1.2\NuGet.Build.Tasks.dll</ModulePath>
      <ModuleTime>2017-11-28T19:05:18Z</ModuleTime>
      <ModuleName>NuGet.Build.Tasks</ModuleName>
      <Files />
      <Classes />
    </Module>
    <Module skippedDueTo="Filter" hash="97-D2-08-F4-B0-97-DD-F6-9B-EA-74-23-FB-6F-8E-C6-87-38-BB-E3">
      <ModulePath>c:\Program Files\dotnet\sdk\2.1.2\NuGet.Commands.dll</ModulePath>
      <ModuleTime>2017-11-28T19:05:18Z</ModuleTime>
      <ModuleName>NuGet.Commands</ModuleName>
      <Files />
      <Classes />
    </Module>
    <Module skippedDueTo="Filter" hash="7D-32-FF-00-A4-1F-41-36-33-FD-19-21-70-0B-CD-8C-B3-51-6F-FB">
      <ModulePath>c:\Program Files\dotnet\sdk\2.1.2\NuGet.Common.dll</ModulePath>
      <ModuleTime>2017-11-28T19:05:18Z</ModuleTime>
      <ModuleName>NuGet.Common</ModuleName>
      <Files />
      <Classes />
    </Module>
    <Module skippedDueTo="Filter" hash="80-C3-4D-6A-77-23-FA-1C-1B-37-48-BD-C0-D3-42-10-81-3F-22-6B">
      <ModulePath>c:\Program Files\dotnet\shared\Microsoft.NETCore.App\2.0.3\System.Runtime.Loader.dll</ModulePath>
      <ModuleTime>2017-10-16T19:46:18Z</ModuleTime>
      <ModuleName>System.Runtime.Loader</ModuleName>
      <Files />
      <Classes />
    </Module>
    <Module skippedDueTo="Filter" hash="60-41-02-05-E8-D9-68-48-E4-DA-59-F3-E4-80-2E-DB-3C-0D-E2-E8">
      <ModulePath>c:\Program Files\dotnet\sdk\2.1.2\Sdks\Microsoft.NET.Sdk\build\..\tools\netcoreapp1.0/Microsoft.NET.Build.Tasks.dll</ModulePath>
      <ModuleTime>2017-11-28T19:09:06Z</ModuleTime>
      <ModuleName>Microsoft.NET.Build.Tasks</ModuleName>
      <Files />
      <Classes />
    </Module>
    <Module skippedDueTo="Filter" hash="51-8B-92-00-81-09-54-81-94-DA-FD-5C-92-99-79-32-F4-F5-4A-F2">
      <ModulePath>c:\Program Files\dotnet\sdk\2.1.2\NuGet.Configuration.dll</ModulePath>
      <ModuleTime>2017-11-28T19:05:18Z</ModuleTime>
      <ModuleName>NuGet.Configuration</ModuleName>
      <Files />
      <Classes />
    </Module>
    <Module skippedDueTo="Filter" hash="59-49-90-F4-2F-C4-DA-0F-38-6D-28-E3-1D-95-BD-B2-B1-9B-23-25">
      <ModulePath>c:\Program Files\dotnet\sdk\2.1.2\NuGet.ProjectModel.dll</ModulePath>
      <ModuleTime>2017-11-28T19:05:18Z</ModuleTime>
      <ModuleName>NuGet.ProjectModel</ModuleName>
      <Files />
      <Classes />
    </Module>
    <Module skippedDueTo="Filter" hash="AD-84-97-F8-2B-1E-15-1F-A2-A0-9B-2A-91-A7-8D-D5-2D-A4-CB-9A">
      <ModulePath>c:\Program Files\dotnet\sdk\2.1.2\NuGet.Versioning.dll</ModulePath>
      <ModuleTime>2017-11-28T19:05:18Z</ModuleTime>
      <ModuleName>NuGet.Versioning</ModuleName>
      <Files />
      <Classes />
    </Module>
    <Module skippedDueTo="Filter" hash="0A-5C-66-7C-D5-1E-12-AA-72-4B-35-84-48-BF-ED-22-3A-A2-2B-4D">
      <ModulePath>c:\Program Files\dotnet\sdk\2.1.2\NuGet.Protocol.dll</ModulePath>
      <ModuleTime>2017-11-28T19:05:18Z</ModuleTime>
      <ModuleName>NuGet.Protocol</ModuleName>
      <Files />
      <Classes />
    </Module>
    <Module skippedDueTo="Filter" hash="26-D7-C9-15-F9-E0-AB-3C-86-4E-A8-D4-FD-B4-9B-CE-51-F9-E0-45">
      <ModulePath>c:\Program Files\dotnet\sdk\2.1.2\NuGet.Packaging.dll</ModulePath>
      <ModuleTime>2017-11-28T19:05:18Z</ModuleTime>
      <ModuleName>NuGet.Packaging</ModuleName>
      <Files />
      <Classes />
    </Module>
    <Module skippedDueTo="Filter" hash="E5-6E-FE-AC-54-F4-89-36-9B-93-BA-BD-B3-59-F1-48-14-B9-ED-34">
      <ModulePath>c:\Program Files\dotnet\sdk\2.1.2\NuGet.DependencyResolver.Core.dll</ModulePath>
      <ModuleTime>2017-11-28T19:05:18Z</ModuleTime>
      <ModuleName>NuGet.DependencyResolver.Core</ModuleName>
      <Files />
      <Classes />
    </Module>
    <Module skippedDueTo="Filter" hash="39-CF-D8-DF-2B-03-93-36-84-38-93-8C-55-15-86-C3-F6-5D-28-B6">
      <ModulePath>c:\Program Files\dotnet\sdk\2.1.2\NuGet.Packaging.Core.dll</ModulePath>
      <ModuleTime>2017-11-28T19:05:18Z</ModuleTime>
      <ModuleName>NuGet.Packaging.Core</ModuleName>
      <Files />
      <Classes />
    </Module>
    <Module skippedDueTo="Filter" hash="05-63-40-FD-D4-06-78-82-63-C4-DF-E4-06-5C-D5-1D-C6-15-1C-74">
      <ModulePath>c:\Program Files\dotnet\sdk\2.1.2\Newtonsoft.Json.dll</ModulePath>
      <ModuleTime>2017-11-28T19:05:12Z</ModuleTime>
      <ModuleName>Newtonsoft.Json</ModuleName>
      <Files />
      <Classes />
    </Module>
    <Module skippedDueTo="Filter" hash="98-AC-01-38-92-1F-A2-14-2C-45-81-74-7B-88-AE-16-C7-72-5B-65">
      <ModulePath>c:\Program Files\dotnet\shared\Microsoft.NETCore.App\2.0.3\System.Dynamic.Runtime.dll</ModulePath>
      <ModuleTime>2017-10-16T19:46:16Z</ModuleTime>
      <ModuleName>System.Dynamic.Runtime</ModuleName>
      <Files />
      <Classes />
    </Module>
    <Module skippedDueTo="Filter" hash="1E-53-17-59-20-ED-57-91-0B-28-3A-1F-BA-CD-97-63-72-A2-E3-42">
      <ModulePath>c:\Program Files\dotnet\shared\Microsoft.NETCore.App\2.0.3\System.Linq.Expressions.dll</ModulePath>
      <ModuleTime>2017-10-16T19:46:16Z</ModuleTime>
      <ModuleName>System.Linq.Expressions</ModuleName>
      <Files />
      <Classes />
    </Module>
    <Module skippedDueTo="Filter" hash="F1-41-33-66-5E-64-44-B6-7A-F8-70-F1-33-AB-CC-D6-34-3C-8B-29">
      <ModulePath>c:\Program Files\dotnet\sdk\2.1.2\NuGet.LibraryModel.dll</ModulePath>
      <ModuleTime>2017-11-28T19:05:18Z</ModuleTime>
      <ModuleName>NuGet.LibraryModel</ModuleName>
      <Files />
      <Classes />
    </Module>
    <Module skippedDueTo="Filter" hash="DB-7F-AA-65-67-DD-F2-86-F7-41-2B-E1-6C-28-21-93-6C-52-AC-8D">
      <ModulePath>c:\Program Files\dotnet\shared\Microsoft.NETCore.App\2.0.3\System.Runtime.Serialization.Primitives.dll</ModulePath>
      <ModuleTime>2017-10-16T19:46:18Z</ModuleTime>
      <ModuleName>System.Runtime.Serialization.Primitives</ModuleName>
      <Files />
      <Classes />
    </Module>
    <Module skippedDueTo="Filter" hash="26-C3-90-24-75-23-5D-CC-CA-46-C0-92-7E-96-43-B5-40-00-83-7F">
      <ModulePath>c:\Program Files\dotnet\shared\Microsoft.NETCore.App\2.0.3\System.Private.CoreLib.dll</ModulePath>
      <ModuleTime>2017-10-16T19:46:18Z</ModuleTime>
      <ModuleName>System.Private.CoreLib</ModuleName>
      <Files />
      <Classes />
    </Module>
    <Module skippedDueTo="Filter" hash="03-24-92-62-07-A1-00-1F-4C-17-21-E3-C9-CB-B3-BA-0F-FE-2D-D3">
      <ModulePath>c:\Program Files\dotnet\sdk\2.1.2\MSBuild.dll</ModulePath>
      <ModuleTime>2017-11-28T19:06:18Z</ModuleTime>
      <ModuleName>MSBuild</ModuleName>
      <Files />
      <Classes />
    </Module>
    <Module skippedDueTo="Filter" hash="4A-8F-65-8B-4A-A5-3E-B7-E2-BC-F3-23-33-A9-CF-46-B0-0B-BF-A3">
      <ModulePath>c:\Program Files\dotnet\shared\Microsoft.NETCore.App\2.0.3\System.Runtime.dll</ModulePath>
      <ModuleTime>2017-10-16T19:46:18Z</ModuleTime>
      <ModuleName>System.Runtime</ModuleName>
      <Files />
      <Classes />
    </Module>
    <Module skippedDueTo="Filter" hash="B0-E0-8C-99-09-3A-DF-23-09-C5-7C-2A-C5-40-C1-4C-99-18-B6-33">
      <ModulePath>c:\Program Files\dotnet\shared\Microsoft.NETCore.App\2.0.3\System.Runtime.Extensions.dll</ModulePath>
      <ModuleTime>2017-10-16T19:46:18Z</ModuleTime>
      <ModuleName>System.Runtime.Extensions</ModuleName>
      <Files />
      <Classes />
    </Module>
    <Module skippedDueTo="Filter" hash="39-B5-92-E1-80-6D-9D-DF-41-24-82-B8-32-CF-22-FF-84-A0-37-EA">
      <ModulePath>c:\Program Files\dotnet\shared\Microsoft.NETCore.App\2.0.3\System.Threading.dll</ModulePath>
      <ModuleTime>2017-10-16T19:46:18Z</ModuleTime>
      <ModuleName>System.Threading</ModuleName>
      <Files />
      <Classes />
    </Module>
    <Module skippedDueTo="Filter" hash="06-69-E2-02-F1-E2-73-39-9D-83-2C-D7-5C-C4-F7-91-7A-C4-8E-E7">
      <ModulePath>c:\Program Files\dotnet\shared\Microsoft.NETCore.App\2.0.3\System.Reflection.dll</ModulePath>
      <ModuleTime>2017-10-16T19:46:18Z</ModuleTime>
      <ModuleName>System.Reflection</ModuleName>
      <Files />
      <Classes />
    </Module>
    <Module skippedDueTo="Filter" hash="B2-31-DB-B0-4B-C6-D9-64-A2-60-4E-C2-40-62-DA-AF-FE-6B-90-D8">
      <ModulePath>c:\Program Files\dotnet\shared\Microsoft.NETCore.App\2.0.3\System.Reflection.TypeExtensions.dll</ModulePath>
      <ModuleTime>2017-10-16T19:46:18Z</ModuleTime>
      <ModuleName>System.Reflection.TypeExtensions</ModuleName>
      <Files />
      <Classes />
    </Module>
    <Module skippedDueTo="Filter" hash="5D-2F-9B-8B-B0-59-E7-E6-DA-C2-37-B1-DC-9B-EC-D8-3D-22-9A-A9">
      <ModulePath>c:\Program Files\dotnet\shared\Microsoft.NETCore.App\2.0.3\System.Globalization.dll</ModulePath>
      <ModuleTime>2017-10-16T19:46:16Z</ModuleTime>
      <ModuleName>System.Globalization</ModuleName>
      <Files />
      <Classes />
    </Module>
    <Module skippedDueTo="Filter" hash="61-16-5D-79-9B-CE-CF-63-33-69-FE-2B-CD-E5-CB-B7-E8-3D-D9-7E">
      <ModulePath>c:\Program Files\dotnet\shared\Microsoft.NETCore.App\2.0.3\System.IO.FileSystem.dll</ModulePath>
      <ModuleTime>2017-10-16T19:46:16Z</ModuleTime>
      <ModuleName>System.IO.FileSystem</ModuleName>
      <Files />
      <Classes />
    </Module>
    <Module skippedDueTo="Filter" hash="F9-BC-F3-11-43-C6-74-18-CA-4B-3B-83-CB-24-63-46-87-13-A9-7A">
      <ModulePath>c:\Program Files\dotnet\shared\Microsoft.NETCore.App\2.0.3\System.Linq.dll</ModulePath>
      <ModuleTime>2017-10-16T19:46:16Z</ModuleTime>
      <ModuleName>System.Linq</ModuleName>
      <Files />
      <Classes />
    </Module>
    <Module skippedDueTo="Filter" hash="3A-FE-BB-8E-8F-AE-CF-5B-8C-11-5F-08-1A-07-7E-7E-1D-A0-A7-4E">
      <ModulePath>c:\Program Files\dotnet\shared\Microsoft.NETCore.App\2.0.3\System.Text.RegularExpressions.dll</ModulePath>
      <ModuleTime>2017-10-16T19:46:18Z</ModuleTime>
      <ModuleName>System.Text.RegularExpressions</ModuleName>
      <Files />
      <Classes />
    </Module>
    <Module skippedDueTo="Filter" hash="7B-E5-46-CC-B4-85-A0-09-28-75-27-3D-02-A4-18-07-C2-B4-71-9B">
      <ModulePath>c:\Program Files\dotnet\shared\Microsoft.NETCore.App\2.0.3\System.Runtime.InteropServices.RuntimeInformation.dll</ModulePath>
      <ModuleTime>2017-10-16T19:46:18Z</ModuleTime>
      <ModuleName>System.Runtime.InteropServices.RuntimeInformation</ModuleName>
      <Files />
      <Classes />
    </Module>
    <Module skippedDueTo="Filter" hash="B3-9E-DB-77-A7-DF-96-93-4B-6A-40-0C-83-30-CF-C0-5B-4C-CD-76">
      <ModulePath>c:\Program Files\dotnet\shared\Microsoft.NETCore.App\2.0.3\System.Collections.dll</ModulePath>
      <ModuleTime>2017-10-16T19:46:16Z</ModuleTime>
      <ModuleName>System.Collections</ModuleName>
      <Files />
      <Classes />
    </Module>
    <Module skippedDueTo="Filter" hash="97-86-71-18-67-36-CF-86-B1-74-E9-8E-5D-82-BA-42-6A-42-6E-36">
      <ModulePath>c:\Program Files\dotnet\shared\Microsoft.NETCore.App\2.0.3\System.Runtime.InteropServices.dll</ModulePath>
      <ModuleTime>2017-10-16T19:46:18Z</ModuleTime>
      <ModuleName>System.Runtime.InteropServices</ModuleName>
      <Files />
      <Classes />
    </Module>
    <Module skippedDueTo="Filter" hash="7C-76-6F-C3-0D-50-D1-7E-68-CD-EC-AE-3B-9F-D6-6C-23-12-A1-89">
      <ModulePath>c:\Program Files\dotnet\shared\Microsoft.NETCore.App\2.0.3\System.Console.dll</ModulePath>
      <ModuleTime>2017-10-16T19:46:16Z</ModuleTime>
      <ModuleName>System.Console</ModuleName>
      <Files />
      <Classes />
    </Module>
    <Module skippedDueTo="Filter" hash="F0-C5-F4-B7-29-88-AF-63-18-BB-5C-41-65-79-71-04-31-31-FD-EC">
      <ModulePath>c:\Program Files\dotnet\shared\Microsoft.NETCore.App\2.0.3\System.Diagnostics.Process.dll</ModulePath>
      <ModuleTime>2017-10-16T19:46:16Z</ModuleTime>
      <ModuleName>System.Diagnostics.Process</ModuleName>
      <Files />
      <Classes />
    </Module>
    <Module skippedDueTo="Filter" hash="FD-3D-B8-56-BE-FF-8C-95-37-B8-B2-18-4E-C9-D9-B0-8A-72-A0-32">
      <ModulePath>c:\Program Files\dotnet\shared\Microsoft.NETCore.App\2.0.3\System.ComponentModel.Primitives.dll</ModulePath>
      <ModuleTime>2017-10-16T19:46:16Z</ModuleTime>
      <ModuleName>System.ComponentModel.Primitives</ModuleName>
      <Files />
      <Classes />
    </Module>
    <Module skippedDueTo="Filter" hash="0E-C6-BD-3C-B9-B7-18-21-E6-02-0C-08-35-F8-A0-46-4F-32-47-BC">
      <ModulePath>c:\Program Files\dotnet\sdk\2.1.2\Microsoft.Build.Framework.dll</ModulePath>
      <ModuleTime>2017-11-28T19:05:18Z</ModuleTime>
      <ModuleName>Microsoft.Build.Framework</ModuleName>
      <Files />
      <Classes />
    </Module>
    <Module skippedDueTo="Filter" hash="48-96-9B-02-C4-37-FE-4C-70-4F-56-63-42-2C-CF-2D-A8-B8-44-4A">
      <ModulePath>c:\Program Files\dotnet\shared\Microsoft.NETCore.App\2.0.3\System.IO.dll</ModulePath>
      <ModuleTime>2017-10-16T19:46:16Z</ModuleTime>
      <ModuleName>System.IO</ModuleName>
      <Files />
      <Classes />
    </Module>
    <Module skippedDueTo="Filter" hash="F0-BD-58-04-79-E6-28-3A-2F-6A-95-C0-80-A9-B7-DA-BD-02-FA-22">
      <ModulePath>c:\Program Files\dotnet\sdk\2.1.2\Microsoft.Build.dll</ModulePath>
      <ModuleTime>2017-11-28T19:05:20Z</ModuleTime>
      <ModuleName>Microsoft.Build</ModuleName>
      <Files />
      <Classes />
    </Module>
    <Module skippedDueTo="Filter" hash="D5-C5-C2-38-66-2B-BA-E8-BD-F6-A2-BA-56-9C-FE-D8-C4-76-F4-17">
      <ModulePath>c:\Program Files\dotnet\sdk\2.1.2\runtimes\win\lib\netstandard1.3\System.Text.Encoding.CodePages.dll</ModulePath>
      <ModuleTime>2017-11-28T19:09:26Z</ModuleTime>
      <ModuleName>System.Text.Encoding.CodePages</ModuleName>
      <Files />
      <Classes />
    </Module>
    <Module skippedDueTo="Filter" hash="18-67-F2-BC-DA-07-0D-B9-58-29-53-BF-F1-4C-7C-82-01-76-9D-95">
      <ModulePath>c:\Program Files\dotnet\shared\Microsoft.NETCore.App\2.0.3\System.Text.Encoding.dll</ModulePath>
      <ModuleTime>2017-10-16T19:46:18Z</ModuleTime>
      <ModuleName>System.Text.Encoding</ModuleName>
      <Files />
      <Classes />
    </Module>
    <Module skippedDueTo="Filter" hash="0D-72-F1-66-71-E3-5E-C9-F7-8A-3A-41-5D-FC-F8-22-38-CF-38-6F">
      <ModulePath>c:\Program Files\dotnet\shared\Microsoft.NETCore.App\2.0.3\System.Collections.NonGeneric.dll</ModulePath>
      <ModuleTime>2017-10-16T19:46:16Z</ModuleTime>
      <ModuleName>System.Collections.NonGeneric</ModuleName>
      <Files />
      <Classes />
    </Module>
    <Module skippedDueTo="Filter" hash="DD-1C-65-2C-49-24-BD-EC-76-E6-9D-35-56-A5-D8-6E-56-5C-28-1E">
      <ModulePath>c:\Program Files\dotnet\shared\Microsoft.NETCore.App\2.0.3\System.Collections.Concurrent.dll</ModulePath>
      <ModuleTime>2017-10-16T19:46:16Z</ModuleTime>
      <ModuleName>System.Collections.Concurrent</ModuleName>
      <Files />
      <Classes />
    </Module>
    <Module skippedDueTo="Filter" hash="E1-DC-95-C3-06-D9-0E-9E-06-93-CC-6F-6F-93-69-BF-51-22-47-9F">
      <ModulePath>c:\Program Files\dotnet\sdk\2.1.2\dotnet.dll</ModulePath>
      <ModuleTime>2017-11-28T19:05:30Z</ModuleTime>
      <ModuleName>dotnet</ModuleName>
      <Files />
      <Classes />
    </Module>
    <Module skippedDueTo="Filter" hash="D8-39-D4-4D-4E-3F-43-90-5D-0D-A6-D9-57-C2-38-AE-01-4B-84-F0">
      <ModulePath>c:\Program Files\dotnet\sdk\2.1.2\Microsoft.Build.Utilities.Core.dll</ModulePath>
      <ModuleTime>2017-11-28T19:05:18Z</ModuleTime>
      <ModuleName>Microsoft.Build.Utilities.Core</ModuleName>
      <Files />
      <Classes />
    </Module>
    <Module skippedDueTo="Filter" hash="B2-1E-56-31-2D-A9-55-2D-DC-E1-00-07-6D-F4-9D-3F-68-05-9E-44">
      <ModulePath>c:\Program Files\dotnet\sdk\2.1.2\Microsoft.DotNet.Tools.MigrateCommand.dll</ModulePath>
      <ModuleTime>2017-11-28T19:05:20Z</ModuleTime>
      <ModuleName>Microsoft.DotNet.Tools.MigrateCommand</ModuleName>
      <Files />
      <Classes />
    </Module>
    <Module skippedDueTo="Filter" hash="E7-CC-DF-F6-E5-2E-C4-44-BA-AF-38-D9-DE-15-FB-42-6A-ED-97-18">
      <ModulePath>c:\Program Files\dotnet\sdk\2.1.2\Microsoft.DotNet.Cli.Utils.dll</ModulePath>
      <ModuleTime>2017-11-28T19:05:18Z</ModuleTime>
      <ModuleName>Microsoft.DotNet.Cli.Utils</ModuleName>
      <Files />
      <Classes />
    </Module>
    <Module skippedDueTo="Filter" hash="9C-75-D5-25-AB-58-19-CC-C3-C6-1D-19-AB-58-91-F3-30-B9-05-3D">
      <ModulePath>c:\Program Files\dotnet\sdk\2.1.2\NuGet.Frameworks.dll</ModulePath>
      <ModuleTime>2017-11-28T19:05:18Z</ModuleTime>
      <ModuleName>NuGet.Frameworks</ModuleName>
      <Files />
      <Classes />
    </Module>
    <Module skippedDueTo="Filter" hash="10-38-FB-36-C4-F2-6A-DC-7B-C4-A0-C7-6F-38-06-06-5B-09-9D-9A">
      <ModulePath>c:\Program Files\dotnet\shared\Microsoft.NETCore.App\2.0.3\System.Reflection.Extensions.dll</ModulePath>
      <ModuleTime>2017-10-16T19:46:18Z</ModuleTime>
      <ModuleName>System.Reflection.Extensions</ModuleName>
      <Files />
      <Classes />
    </Module>
    <Module skippedDueTo="Filter" hash="EC-67-7E-95-4D-CD-5F-75-DE-AD-32-07-DE-4E-46-38-AE-3B-98-B2">
      <ModulePath>c:\Program Files\dotnet\sdk\2.1.2\Microsoft.DotNet.Configurer.dll</ModulePath>
      <ModuleTime>2017-11-28T19:05:18Z</ModuleTime>
      <ModuleName>Microsoft.DotNet.Configurer</ModuleName>
      <Files />
      <Classes />
    </Module>
    <Module skippedDueTo="Filter" hash="01-AA-1D-C0-3F-8A-48-FC-7B-0E-C1-0A-0B-37-B0-88-4D-CA-96-6D">
      <ModulePath>c:\Program Files\dotnet\sdk\2.1.2\Microsoft.DotNet.InternalAbstractions.dll</ModulePath>
      <ModuleTime>2017-11-28T19:05:20Z</ModuleTime>
      <ModuleName>Microsoft.DotNet.InternalAbstractions</ModuleName>
      <Files />
      <Classes />
    </Module>
    <Module skippedDueTo="Filter" hash="2E-E1-2D-F8-B6-D8-46-43-AB-93-25-F6-E0-DA-F4-2E-CC-D5-44-36">
      <ModulePath>c:\Program Files\dotnet\shared\Microsoft.NETCore.App\2.0.3\System.IO.FileSystem.Primitives.dll</ModulePath>
      <ModuleTime>2017-10-16T19:46:16Z</ModuleTime>
      <ModuleName>System.IO.FileSystem.Primitives</ModuleName>
      <Files />
      <Classes />
    </Module>
    <Module skippedDueTo="Filter" hash="84-66-57-4C-D4-02-18-1A-72-BA-90-0A-4E-05-17-ED-A2-C4-F9-84">
      <ModulePath>c:\Program Files\dotnet\shared\Microsoft.NETCore.App\2.0.3\System.Text.Encoding.Extensions.dll</ModulePath>
      <ModuleTime>2017-10-16T19:46:18Z</ModuleTime>
      <ModuleName>System.Text.Encoding.Extensions</ModuleName>
      <Files />
      <Classes />
    </Module>
    <Module skippedDueTo="Filter" hash="90-81-3B-CD-F7-73-8D-93-5B-F8-06-90-EE-E8-F4-1B-FC-8E-A0-3B">
      <ModulePath>c:\Program Files\dotnet\sdk\2.1.2\Microsoft.ApplicationInsights.dll</ModulePath>
      <ModuleTime>2017-11-28T18:57:02Z</ModuleTime>
      <ModuleName>Microsoft.ApplicationInsights</ModuleName>
      <Files />
      <Classes />
    </Module>
    <Module skippedDueTo="Filter" hash="E5-1A-BB-CA-0A-0F-E7-56-22-7D-3F-AC-FE-BC-91-63-55-9F-BF-03">
      <ModulePath>c:\Program Files\dotnet\sdk\2.1.2\Microsoft.DotNet.PlatformAbstractions.dll</ModulePath>
      <ModuleTime>2017-11-28T19:05:20Z</ModuleTime>
      <ModuleName>Microsoft.DotNet.PlatformAbstractions</ModuleName>
      <Files />
      <Classes />
    </Module>
    <Module skippedDueTo="Filter" hash="7A-15-82-83-09-E7-DF-16-F8-2C-E1-38-3F-33-71-6B-25-77-A2-DF">
      <ModulePath>c:\Program Files\dotnet\shared\Microsoft.NETCore.App\2.0.3\System.Xml.XDocument.dll</ModulePath>
      <ModuleTime>2017-10-16T19:46:18Z</ModuleTime>
      <ModuleName>System.Xml.XDocument</ModuleName>
      <Files />
      <Classes />
    </Module>
    <Module skippedDueTo="Filter" hash="F5-DB-C9-51-1E-54-56-C2-42-AC-52-14-07-B5-99-6E-4F-44-80-15">
      <ModulePath>c:\Program Files\dotnet\shared\Microsoft.NETCore.App\2.0.3\System.Private.Xml.Linq.dll</ModulePath>
      <ModuleTime>2017-10-16T19:46:16Z</ModuleTime>
      <ModuleName>System.Private.Xml.Linq</ModuleName>
      <Files />
      <Classes />
    </Module>
    <Module skippedDueTo="Filter" hash="6C-7A-E0-70-AC-7C-1F-EB-33-93-6D-55-5A-BA-C2-0D-E0-06-5D-95">
      <ModulePath>c:\Program Files\dotnet\shared\Microsoft.NETCore.App\2.0.3\System.Runtime.Handles.dll</ModulePath>
      <ModuleTime>2017-10-16T19:46:18Z</ModuleTime>
      <ModuleName>System.Runtime.Handles</ModuleName>
      <Files />
      <Classes />
    </Module>
    <Module skippedDueTo="Filter" hash="C2-40-B6-30-DB-97-DE-B7-27-B7-18-01-B8-46-7D-E9-7C-16-AF-CB">
      <ModulePath>c:\Program Files\dotnet\shared\Microsoft.NETCore.App\2.0.3\System.Private.Xml.dll</ModulePath>
      <ModuleTime>2017-10-16T19:46:16Z</ModuleTime>
      <ModuleName>System.Private.Xml</ModuleName>
      <Files />
      <Classes />
    </Module>
    <Module skippedDueTo="Filter" hash="9D-07-C8-D6-0B-05-17-6A-61-85-51-96-75-7D-88-A1-E9-D7-21-85">
      <ModulePath>c:\Program Files\dotnet\shared\Microsoft.NETCore.App\2.0.3\System.Xml.ReaderWriter.dll</ModulePath>
      <ModuleTime>2017-10-16T19:46:18Z</ModuleTime>
      <ModuleName>System.Xml.ReaderWriter</ModuleName>
      <Files />
      <Classes />
    </Module>
    <Module skippedDueTo="Filter" hash="5D-01-4D-09-BA-45-B6-AF-7E-24-2A-E8-03-38-67-E9-9A-A6-B2-B0">
      <ModulePath>c:\Program Files\dotnet\shared\Microsoft.NETCore.App\2.0.3\System.Diagnostics.Tracing.dll</ModulePath>
      <ModuleTime>2017-10-16T19:46:16Z</ModuleTime>
      <ModuleName>System.Diagnostics.Tracing</ModuleName>
      <Files />
      <Classes />
    </Module>
    <Module skippedDueTo="Filter" hash="2E-50-46-DD-DD-8D-09-32-90-F2-A8-87-EA-7B-F1-EF-C7-53-73-77">
      <ModulePath>c:\Program Files\dotnet\shared\Microsoft.NETCore.App\2.0.3\System.Private.Uri.dll</ModulePath>
      <ModuleTime>2017-10-16T19:46:16Z</ModuleTime>
      <ModuleName>System.Private.Uri</ModuleName>
      <Files />
      <Classes />
    </Module>
    <Module skippedDueTo="Filter" hash="A9-C1-E6-5D-BE-0D-9B-CA-B0-37-75-CA-CC-B0-AC-25-CD-11-CD-F5">
      <ModulePath>c:\Program Files\dotnet\shared\Microsoft.NETCore.App\2.0.3\System.Threading.Tasks.dll</ModulePath>
      <ModuleTime>2017-10-16T19:46:18Z</ModuleTime>
      <ModuleName>System.Threading.Tasks</ModuleName>
      <Files />
      <Classes />
    </Module>
    <Module skippedDueTo="Filter" hash="59-D8-16-A6-2F-B5-D9-1D-0D-CA-82-53-5A-88-32-3F-21-5F-BF-8A">
      <ModulePath>c:\Program Files\dotnet\shared\Microsoft.NETCore.App\2.0.3\System.Threading.Tasks.Dataflow.dll</ModulePath>
      <ModuleTime>2017-10-16T19:46:18Z</ModuleTime>
      <ModuleName>System.Threading.Tasks.Dataflow</ModuleName>
      <Files />
      <Classes />
    </Module>
    <Module skippedDueTo="Filter" hash="97-09-67-7F-34-EF-B4-A9-88-93-59-A7-2A-A5-90-43-75-38-0E-DC">
      <ModulePath>c:\Program Files\dotnet\shared\Microsoft.NETCore.App\2.0.3\netstandard.dll</ModulePath>
      <ModuleTime>2017-10-16T19:46:18Z</ModuleTime>
      <ModuleName>netstandard</ModuleName>
      <Files />
      <Classes />
    </Module>
    <Module skippedDueTo="Filter" hash="EE-2C-65-96-1D-BC-3B-1D-02-24-A3-F2-DC-11-59-53-94-B7-64-32">
      <ModulePath>c:\Program Files\dotnet\shared\Microsoft.NETCore.App\2.0.3\System.Security.Cryptography.Algorithms.dll</ModulePath>
      <ModuleTime>2017-10-16T19:46:18Z</ModuleTime>
      <ModuleName>System.Security.Cryptography.Algorithms</ModuleName>
      <Files />
      <Classes />
    </Module>
    <Module skippedDueTo="Filter" hash="9B-CB-AC-22-FA-D1-14-69-F5-6D-AA-AC-D0-95-16-F9-5D-03-9B-8D">
      <ModulePath>c:\Program Files\dotnet\shared\Microsoft.NETCore.App\2.0.3\System.Security.Cryptography.Primitives.dll</ModulePath>
      <ModuleTime>2017-10-16T19:46:18Z</ModuleTime>
      <ModuleName>System.Security.Cryptography.Primitives</ModuleName>
      <Files />
      <Classes />
    </Module>
    <Module skippedDueTo="Filter" hash="1A-3C-AB-AD-5B-EB-8F-99-D2-94-DE-D2-67-A7-EB-06-E4-71-D4-E6">
      <ModulePath>c:\Program Files\dotnet\shared\Microsoft.NETCore.App\2.0.3\System.Resources.ResourceManager.dll</ModulePath>
      <ModuleTime>2017-10-16T19:46:18Z</ModuleTime>
      <ModuleName>System.Resources.ResourceManager</ModuleName>
      <Files />
      <Classes />
    </Module>
    <Module skippedDueTo="Filter" hash="DA-17-FB-89-1C-47-78-85-EA-72-29-D7-35-22-6A-46-FC-EE-B0-03">
      <ModulePath>c:\Program Files\dotnet\sdk\2.1.2\es\Microsoft.Build.resources.dll</ModulePath>
      <ModuleTime>2017-11-28T19:05:00Z</ModuleTime>
      <ModuleName>Microsoft.Build.resources</ModuleName>
      <Files />
      <Classes />
    </Module>
    <Module skippedDueTo="Filter" hash="5E-9E-6B-6A-B8-B0-48-B4-8D-F0-A9-D1-9E-13-8A-39-B6-4D-3C-76">
      <ModulePath>c:\Program Files\dotnet\shared\Microsoft.NETCore.App\2.0.3\System.ObjectModel.dll</ModulePath>
      <ModuleTime>2017-10-16T19:46:16Z</ModuleTime>
      <ModuleName>System.ObjectModel</ModuleName>
      <Files />
      <Classes />
    </Module>
    <Module skippedDueTo="Filter" hash="D8-BA-CC-F3-E7-0B-5A-27-2D-1D-56-B9-69-72-F8-53-17-F5-B4-56">
      <ModulePath>c:\Program Files\dotnet\shared\Microsoft.NETCore.App\2.0.3\System.Threading.Thread.dll</ModulePath>
      <ModuleTime>2017-10-16T19:46:18Z</ModuleTime>
      <ModuleName>System.Threading.Thread</ModuleName>
      <Files />
      <Classes />
    </Module>
    <Module skippedDueTo="Filter" hash="63-F4-8F-F8-44-8F-AF-43-A9-95-EF-F3-C4-2E-E7-06-89-49-9F-16">
      <ModulePath>c:\Program Files\dotnet\shared\Microsoft.NETCore.App\2.0.3\System.Xml.XmlDocument.dll</ModulePath>
      <ModuleTime>2017-10-16T19:46:18Z</ModuleTime>
      <ModuleName>System.Xml.XmlDocument</ModuleName>
      <Files />
      <Classes />
    </Module>
    <Module skippedDueTo="Filter" hash="42-26-8F-5E-FA-7A-1E-24-91-00-A7-33-78-A7-11-3A-AD-93-90-4C">
      <ModulePath>c:\Program Files\dotnet\shared\Microsoft.NETCore.App\2.0.3\System.Diagnostics.TraceSource.dll</ModulePath>
      <ModuleTime>2017-10-16T19:46:16Z</ModuleTime>
      <ModuleName>System.Diagnostics.TraceSource</ModuleName>
      <Files />
      <Classes />
    </Module>
    <Module skippedDueTo="Filter" hash="B6-DD-CA-B3-F6-48-A4-04-2B-DE-04-61-65-1A-1D-50-19-BE-9A-26">
      <ModulePath>c:\Program Files\dotnet\shared\Microsoft.NETCore.App\2.0.3\System.Diagnostics.FileVersionInfo.dll</ModulePath>
      <ModuleTime>2017-10-16T19:46:16Z</ModuleTime>
      <ModuleName>System.Diagnostics.FileVersionInfo</ModuleName>
      <Files />
      <Classes />
    </Module>
    <Module skippedDueTo="Filter" hash="36-E8-12-90-6F-79-37-F9-16-97-E8-04-51-88-75-77-34-C7-36-7D">
      <ModulePath>c:\Program Files\dotnet\shared\Microsoft.NETCore.App\2.0.3\System.Collections.Immutable.dll</ModulePath>
      <ModuleTime>2017-10-16T19:46:16Z</ModuleTime>
      <ModuleName>System.Collections.Immutable</ModuleName>
      <Files />
      <Classes />
    </Module>
    <Module skippedDueTo="Filter" hash="F6-5D-D4-7B-51-D4-71-03-BC-E5-7D-E8-17-55-E4-E5-9A-00-7D-23">
      <ModulePath>c:\Program Files\dotnet\shared\Microsoft.NETCore.App\2.0.3\System.Reflection.Primitives.dll</ModulePath>
      <ModuleTime>2017-10-16T19:46:18Z</ModuleTime>
      <ModuleName>System.Reflection.Primitives</ModuleName>
      <Files />
      <Classes />
    </Module>
    <Module skippedDueTo="Filter" hash="50-69-AA-F4-F7-98-D1-E7-AC-62-9C-57-F1-88-0F-69-BA-8D-0C-D0">
      <ModulePath>c:\Program Files\dotnet\shared\Microsoft.NETCore.App\2.0.3\System.Threading.Tasks.Parallel.dll</ModulePath>
      <ModuleTime>2017-10-16T19:46:18Z</ModuleTime>
      <ModuleName>System.Threading.Tasks.Parallel</ModuleName>
      <Files />
      <Classes />
    </Module>
    <Module skippedDueTo="Filter" hash="D8-C2-CB-8D-FE-D2-41-59-A8-3B-D1-11-1B-BF-85-30-7D-8E-FA-BE">
      <ModulePath>c:\Program Files\dotnet\sdk\2.1.2\Microsoft.Build.Tasks.Core.dll</ModulePath>
      <ModuleTime>2017-11-28T19:05:18Z</ModuleTime>
      <ModuleName>Microsoft.Build.Tasks.Core</ModuleName>
      <Files />
      <Classes />
    </Module>
    <Module skippedDueTo="Filter" hash="44-31-99-70-43-E1-51-0E-21-A4-E3-24-5A-54-D9-69-42-08-18-B3">
      <ModulePath>c:\Program Files\dotnet\sdk\2.1.2\Microsoft.TestPlatform.Build.dll</ModulePath>
      <ModuleTime>2017-11-28T19:05:20Z</ModuleTime>
      <ModuleName>Microsoft.TestPlatform.Build</ModuleName>
      <Files />
      <Classes />
    </Module>
    <Module skippedDueTo="Filter" hash="F0-18-B9-58-9C-84-B6-B2-FC-94-9F-EE-58-AF-5F-DD-E9-5A-48-B8">
      <ModulePath>c:\Program Files\dotnet\sdk\2.1.2\es\Microsoft.TestPlatform.Build.resources.dll</ModulePath>
      <ModuleTime>2017-11-28T19:05:00Z</ModuleTime>
      <ModuleName>Microsoft.TestPlatform.Build.resources</ModuleName>
      <Files />
      <Classes />
    </Module>
    <Module skippedDueTo="Filter" hash="A6-96-8D-21-F0-C9-16-49-EC-6E-8C-AB-07-92-58-E6-E5-9A-CB-79">
      <ModulePath>c:\Program Files\dotnet\shared\Microsoft.NETCore.App\2.0.3\System.Threading.ThreadPool.dll</ModulePath>
      <ModuleTime>2017-10-16T19:46:18Z</ModuleTime>
      <ModuleName>System.Threading.ThreadPool</ModuleName>
      <Files />
      <Classes />
    </Module>
    <Module skippedDueTo="Filter" hash="80-C3-4D-6A-77-23-FA-1C-1B-37-48-BD-C0-D3-42-10-81-3F-22-6B">
      <ModulePath>c:\Program Files\dotnet\shared\Microsoft.NETCore.App\2.0.3\System.Runtime.Loader.dll</ModulePath>
      <ModuleTime>2017-10-16T19:46:18Z</ModuleTime>
      <ModuleName>System.Runtime.Loader</ModuleName>
      <Files />
      <Classes />
    </Module>
    <Module skippedDueTo="Filter" hash="6C-AD-56-10-07-D7-01-81-60-23-CD-11-ED-79-90-F1-2E-9A-7F-2F">
      <ModulePath>c:\Program Files\dotnet\shared\Microsoft.NETCore.App\2.0.3\System.Diagnostics.Tools.dll</ModulePath>
      <ModuleTime>2017-10-16T19:46:16Z</ModuleTime>
      <ModuleName>System.Diagnostics.Tools</ModuleName>
      <Files />
      <Classes />
    </Module>
    <Module skippedDueTo="Filter" hash="60-41-02-05-E8-D9-68-48-E4-DA-59-F3-E4-80-2E-DB-3C-0D-E2-E8">
      <ModulePath>c:\Program Files\dotnet\sdk\2.1.2\Sdks\Microsoft.NET.Sdk\build\..\tools\netcoreapp1.0/Microsoft.NET.Build.Tasks.dll</ModulePath>
      <ModuleTime>2017-11-28T19:09:06Z</ModuleTime>
      <ModuleName>Microsoft.NET.Build.Tasks</ModuleName>
      <Files />
      <Classes />
    </Module>
    <Module skippedDueTo="Filter" hash="2A-F1-B9-D4-54-E3-AD-5C-AC-54-8C-44-5E-F6-E9-3D-FD-02-BB-82">
      <ModulePath>c:\Program Files\dotnet\shared\Microsoft.NETCore.App\2.0.3\System.Diagnostics.Debug.dll</ModulePath>
      <ModuleTime>2017-10-16T19:46:16Z</ModuleTime>
      <ModuleName>System.Diagnostics.Debug</ModuleName>
      <Files />
      <Classes />
    </Module>
    <Module skippedDueTo="Filter" hash="ED-58-2C-E5-C4-17-AB-28-AB-7B-0B-04-89-0F-56-96-43-9E-5A-10">
      <ModulePath>c:\Program Files\dotnet\shared\Microsoft.NETCore.App\2.0.3\System.IO.Compression.dll</ModulePath>
      <ModuleTime>2017-10-16T19:46:16Z</ModuleTime>
      <ModuleName>System.IO.Compression</ModuleName>
      <Files />
      <Classes />
    </Module>
    <Module skippedDueTo="Filter" hash="5C-C5-89-48-1F-D6-D3-10-81-06-67-F9-6A-F5-E8-36-29-9A-F4-AA">
      <ModulePath>c:\Program Files\dotnet\shared\Microsoft.NETCore.App\2.0.3\System.Buffers.dll</ModulePath>
      <ModuleTime>2017-10-16T19:46:16Z</ModuleTime>
      <ModuleName>System.Buffers</ModuleName>
      <Files />
      <Classes />
    </Module>
    <Module skippedDueTo="Filter" hash="5F-CA-90-3E-6B-73-7B-98-4E-AD-23-48-50-E4-2B-BF-35-66-56-F4">
      <ModulePath>c:\Program Files\dotnet\shared\Microsoft.NETCore.App\2.0.3\System.Net.Http.dll</ModulePath>
      <ModuleTime>2017-10-16T19:46:16Z</ModuleTime>
      <ModuleName>System.Net.Http</ModuleName>
      <Files />
      <Classes />
    </Module>
    <Module skippedDueTo="Filter" hash="59-49-90-F4-2F-C4-DA-0F-38-6D-28-E3-1D-95-BD-B2-B1-9B-23-25">
      <ModulePath>c:\Program Files\dotnet\sdk\2.1.2\NuGet.ProjectModel.dll</ModulePath>
      <ModuleTime>2017-11-28T19:05:18Z</ModuleTime>
      <ModuleName>NuGet.ProjectModel</ModuleName>
      <Files />
      <Classes />
    </Module>
    <Module skippedDueTo="Filter" hash="7D-32-FF-00-A4-1F-41-36-33-FD-19-21-70-0B-CD-8C-B3-51-6F-FB">
      <ModulePath>c:\Program Files\dotnet\sdk\2.1.2\NuGet.Common.dll</ModulePath>
      <ModuleTime>2017-11-28T19:05:18Z</ModuleTime>
      <ModuleName>NuGet.Common</ModuleName>
      <Files />
      <Classes />
    </Module>
    <Module skippedDueTo="Filter" hash="0C-F8-15-91-19-61-8A-CA-8A-E2-FF-A7-B1-2C-92-A0-55-F6-F3-28">
      <ModulePath>c:\Program Files\dotnet\shared\Microsoft.NETCore.App\2.0.3\System.Net.Primitives.dll</ModulePath>
      <ModuleTime>2017-10-16T19:46:16Z</ModuleTime>
      <ModuleName>System.Net.Primitives</ModuleName>
      <Files />
      <Classes />
    </Module>
    <Module skippedDueTo="Filter" hash="25-8E-2B-C6-AE-B6-55-C8-92-2C-1D-A2-45-8B-CB-4B-2A-A0-87-B6">
      <ModulePath>c:\Program Files\dotnet\shared\Microsoft.NETCore.App\2.0.3\Microsoft.Win32.Primitives.dll</ModulePath>
      <ModuleTime>2017-10-16T19:46:16Z</ModuleTime>
      <ModuleName>Microsoft.Win32.Primitives</ModuleName>
      <Files />
      <Classes />
    </Module>
    <Module skippedDueTo="Filter" hash="05-63-40-FD-D4-06-78-82-63-C4-DF-E4-06-5C-D5-1D-C6-15-1C-74">
      <ModulePath>c:\Program Files\dotnet\sdk\2.1.2\Newtonsoft.Json.dll</ModulePath>
      <ModuleTime>2017-11-28T19:05:12Z</ModuleTime>
      <ModuleName>Newtonsoft.Json</ModuleName>
      <Files />
      <Classes />
    </Module>
    <Module skippedDueTo="Filter" hash="98-AC-01-38-92-1F-A2-14-2C-45-81-74-7B-88-AE-16-C7-72-5B-65">
      <ModulePath>c:\Program Files\dotnet\shared\Microsoft.NETCore.App\2.0.3\System.Dynamic.Runtime.dll</ModulePath>
      <ModuleTime>2017-10-16T19:46:16Z</ModuleTime>
      <ModuleName>System.Dynamic.Runtime</ModuleName>
      <Files />
      <Classes />
    </Module>
    <Module skippedDueTo="Filter" hash="1E-53-17-59-20-ED-57-91-0B-28-3A-1F-BA-CD-97-63-72-A2-E3-42">
      <ModulePath>c:\Program Files\dotnet\shared\Microsoft.NETCore.App\2.0.3\System.Linq.Expressions.dll</ModulePath>
      <ModuleTime>2017-10-16T19:46:16Z</ModuleTime>
      <ModuleName>System.Linq.Expressions</ModuleName>
      <Files />
      <Classes />
    </Module>
    <Module skippedDueTo="Filter" hash="D7-EF-CB-80-BE-BE-58-19-63-92-D7-C8-C8-8A-0E-32-F4-00-A0-7C">
      <ModulePath>c:\Program Files\dotnet\shared\Microsoft.NETCore.App\2.0.3\System.Diagnostics.DiagnosticSource.dll</ModulePath>
      <ModuleTime>2017-10-16T19:46:16Z</ModuleTime>
      <ModuleName>System.Diagnostics.DiagnosticSource</ModuleName>
      <Files />
      <Classes />
    </Module>
    <Module skippedDueTo="Filter" hash="2C-A8-DF-60-4E-75-70-96-86-C0-80-C7-D5-CE-5B-50-AD-66-F3-09">
      <ModulePath>c:\Program Files\dotnet\shared\Microsoft.NETCore.App\2.0.3\System.Security.Cryptography.X509Certificates.dll</ModulePath>
      <ModuleTime>2017-10-16T19:46:18Z</ModuleTime>
      <ModuleName>System.Security.Cryptography.X509Certificates</ModuleName>
      <Files />
      <Classes />
    </Module>
[...]
      <ModulePath>c:\Program Files\dotnet\shared\Microsoft.NETCore.App\2.0.3\System.IO.FileSystem.DriveInfo.dll</ModulePath>
      <ModuleTime>2017-10-16T19:46:16Z</ModuleTime>
      <ModuleName>System.IO.FileSystem.DriveInfo</ModuleName>
      <Files />
      <Classes />
    </Module>
    <Module skippedDueTo="Filter" hash="85-C5-5B-E3-42-EB-A6-A4-4D-B3-24-E9-32-8A-FA-65-13-15-AA-64">
      <ModulePath>c:\Program Files\dotnet\shared\Microsoft.NETCore.App\2.0.3\System.IO.FileSystem.Watcher.dll</ModulePath>
      <ModuleTime>2017-10-16T19:46:16Z</ModuleTime>
      <ModuleName>System.IO.FileSystem.Watcher</ModuleName>
      <Files />
      <Classes />
    </Module>
    <Module skippedDueTo="Filter" hash="B0-F8-37-9F-F6-3C-1B-EB-59-F1-61-FA-F8-7A-5C-FA-AB-89-62-93">
      <ModulePath>c:\Program Files\dotnet\shared\Microsoft.NETCore.App\2.0.3\System.IO.IsolatedStorage.dll</ModulePath>
      <ModuleTime>2017-10-16T19:46:16Z</ModuleTime>
      <ModuleName>System.IO.IsolatedStorage</ModuleName>
      <Files />
      <Classes />
    </Module>
    <Module skippedDueTo="Filter" hash="CD-1F-74-ED-DE-D6-F8-D6-00-1C-04-64-38-02-19-38-1D-93-48-C1">
      <ModulePath>c:\Program Files\dotnet\shared\Microsoft.NETCore.App\2.0.3\System.IO.MemoryMappedFiles.dll</ModulePath>
      <ModuleTime>2017-10-16T19:46:16Z</ModuleTime>
      <ModuleName>System.IO.MemoryMappedFiles</ModuleName>
      <Files />
      <Classes />
    </Module>
    <Module skippedDueTo="Filter" hash="CA-55-BB-99-E3-06-E0-B9-68-27-66-52-F2-1A-22-03-1F-F8-52-D9">
      <ModulePath>c:\Program Files\dotnet\shared\Microsoft.NETCore.App\2.0.3\System.IO.Pipes.dll</ModulePath>
      <ModuleTime>2017-10-16T19:46:16Z</ModuleTime>
      <ModuleName>System.IO.Pipes</ModuleName>
      <Files />
      <Classes />
    </Module>
    <Module skippedDueTo="Filter" hash="6C-6A-43-AD-54-48-46-D5-8A-E3-A9-43-E4-01-05-7D-D3-49-BE-D9">
      <ModulePath>c:\Program Files\dotnet\shared\Microsoft.NETCore.App\2.0.3\System.IO.UnmanagedMemoryStream.dll</ModulePath>
      <ModuleTime>2017-10-16T19:46:16Z</ModuleTime>
      <ModuleName>System.IO.UnmanagedMemoryStream</ModuleName>
      <Files />
      <Classes />
    </Module>
    <Module skippedDueTo="Filter" hash="8B-63-D0-6F-B3-E7-F4-A9-98-D1-FE-05-D3-ED-55-91-2C-9C-E9-15">
      <ModulePath>c:\Program Files\dotnet\shared\Microsoft.NETCore.App\2.0.3\System.Linq.Parallel.dll</ModulePath>
      <ModuleTime>2017-10-16T19:46:16Z</ModuleTime>
      <ModuleName>System.Linq.Parallel</ModuleName>
      <Files />
      <Classes />
    </Module>
    <Module skippedDueTo="Filter" hash="EC-00-1A-CE-30-E8-38-72-39-47-63-7E-87-51-B7-F6-21-D9-B8-94">
      <ModulePath>c:\Program Files\dotnet\shared\Microsoft.NETCore.App\2.0.3\System.Linq.Queryable.dll</ModulePath>
      <ModuleTime>2017-10-16T19:46:16Z</ModuleTime>
      <ModuleName>System.Linq.Queryable</ModuleName>
      <Files />
      <Classes />
    </Module>
    <Module skippedDueTo="Filter" hash="05-57-1E-ED-56-70-0F-56-71-94-C7-1C-E2-DE-95-DC-86-57-54-05">
      <ModulePath>c:\Program Files\dotnet\shared\Microsoft.NETCore.App\2.0.3\System.Net.HttpListener.dll</ModulePath>
      <ModuleTime>2017-10-16T19:46:16Z</ModuleTime>
      <ModuleName>System.Net.HttpListener</ModuleName>
      <Files />
      <Classes />
    </Module>
    <Module skippedDueTo="Filter" hash="EC-DF-B5-F3-2C-06-B3-DC-30-56-E4-B9-34-44-58-07-BF-87-4F-0D">
      <ModulePath>c:\Program Files\dotnet\shared\Microsoft.NETCore.App\2.0.3\System.Net.Mail.dll</ModulePath>
      <ModuleTime>2017-10-16T19:46:16Z</ModuleTime>
      <ModuleName>System.Net.Mail</ModuleName>
      <Files />
      <Classes />
    </Module>
    <Module skippedDueTo="Filter" hash="04-17-21-EA-6F-DD-CD-E6-78-B5-86-99-A8-D7-50-0C-B5-5D-BD-2F">
      <ModulePath>c:\Program Files\dotnet\shared\Microsoft.NETCore.App\2.0.3\System.Net.Ping.dll</ModulePath>
      <ModuleTime>2017-10-16T19:46:16Z</ModuleTime>
      <ModuleName>System.Net.Ping</ModuleName>
      <Files />
      <Classes />
    </Module>
    <Module skippedDueTo="Filter" hash="2B-59-77-40-D5-33-32-A1-7D-99-6F-2D-06-9B-64-B4-BB-4A-3A-1B">
      <ModulePath>c:\Program Files\dotnet\shared\Microsoft.NETCore.App\2.0.3\System.Net.Requests.dll</ModulePath>
      <ModuleTime>2017-10-16T19:46:16Z</ModuleTime>
      <ModuleName>System.Net.Requests</ModuleName>
      <Files />
      <Classes />
    </Module>
    <Module skippedDueTo="Filter" hash="D8-DC-52-BD-B1-74-0B-4E-9C-FC-91-11-3E-FE-D0-00-EE-B2-85-59">
      <ModulePath>c:\Program Files\dotnet\shared\Microsoft.NETCore.App\2.0.3\System.Net.Security.dll</ModulePath>
      <ModuleTime>2017-10-16T19:46:16Z</ModuleTime>
      <ModuleName>System.Net.Security</ModuleName>
      <Files />
      <Classes />
    </Module>
    <Module skippedDueTo="Filter" hash="2C-A8-D2-9F-93-AF-53-A0-89-2E-CB-13-78-BD-25-49-E6-8A-E8-A0">
      <ModulePath>c:\Program Files\dotnet\shared\Microsoft.NETCore.App\2.0.3\System.Net.ServicePoint.dll</ModulePath>
      <ModuleTime>2017-10-16T19:46:16Z</ModuleTime>
      <ModuleName>System.Net.ServicePoint</ModuleName>
      <Files />
      <Classes />
    </Module>
    <Module skippedDueTo="Filter" hash="B1-BC-50-36-4A-72-2C-E5-F9-4B-41-B2-50-A2-B4-E1-AF-35-F6-32">
      <ModulePath>c:\Program Files\dotnet\shared\Microsoft.NETCore.App\2.0.3\System.Net.WebClient.dll</ModulePath>
      <ModuleTime>2017-10-16T19:46:16Z</ModuleTime>
      <ModuleName>System.Net.WebClient</ModuleName>
      <Files />
      <Classes />
    </Module>
    <Module skippedDueTo="Filter" hash="A5-82-E7-EF-1C-02-C8-5A-03-6E-62-D3-B9-91-43-BC-CE-A1-BA-E9">
      <ModulePath>c:\Program Files\dotnet\shared\Microsoft.NETCore.App\2.0.3\System.Net.WebHeaderCollection.dll</ModulePath>
      <ModuleTime>2017-10-16T19:46:16Z</ModuleTime>
      <ModuleName>System.Net.WebHeaderCollection</ModuleName>
      <Files />
      <Classes />
    </Module>
    <Module skippedDueTo="Filter" hash="BB-38-0C-03-A2-EC-1D-FF-59-5B-A5-09-7E-72-77-EC-94-BA-E7-7A">
      <ModulePath>c:\Program Files\dotnet\shared\Microsoft.NETCore.App\2.0.3\System.Net.WebProxy.dll</ModulePath>
      <ModuleTime>2017-10-16T19:46:16Z</ModuleTime>
      <ModuleName>System.Net.WebProxy</ModuleName>
      <Files />
      <Classes />
    </Module>
    <Module skippedDueTo="Filter" hash="6B-F9-CC-92-C0-A5-BA-47-79-47-D4-6F-03-08-2A-5C-82-A3-C5-D1">
      <ModulePath>c:\Program Files\dotnet\shared\Microsoft.NETCore.App\2.0.3\System.Net.WebSockets.Client.dll</ModulePath>
      <ModuleTime>2017-10-16T19:46:16Z</ModuleTime>
      <ModuleName>System.Net.WebSockets.Client</ModuleName>
      <Files />
      <Classes />
    </Module>
    <Module skippedDueTo="Filter" hash="05-76-C6-63-08-99-20-A7-AE-84-DC-93-6E-31-02-2E-82-F4-56-E2">
      <ModulePath>c:\Program Files\dotnet\shared\Microsoft.NETCore.App\2.0.3\System.Net.dll</ModulePath>
      <ModuleTime>2017-10-16T19:46:16Z</ModuleTime>
      <ModuleName>System.Net</ModuleName>
      <Files />
      <Classes />
    </Module>
    <Module skippedDueTo="Filter" hash="45-70-0B-D1-38-9A-A8-FA-A7-88-C6-70-15-BA-2F-72-C3-81-85-5B">
      <ModulePath>c:\Program Files\dotnet\shared\Microsoft.NETCore.App\2.0.3\System.Numerics.Vectors.dll</ModulePath>
      <ModuleTime>2017-10-16T19:46:16Z</ModuleTime>
      <ModuleName>System.Numerics.Vectors</ModuleName>
      <Files />
      <Classes />
    </Module>
    <Module skippedDueTo="Filter" hash="9E-57-94-3D-0E-A2-74-2F-16-7E-41-62-37-64-32-E6-F7-25-21-6C">
      <ModulePath>c:\Program Files\dotnet\shared\Microsoft.NETCore.App\2.0.3\System.Numerics.dll</ModulePath>
      <ModuleTime>2017-10-16T19:46:16Z</ModuleTime>
      <ModuleName>System.Numerics</ModuleName>
      <Files />
      <Classes />
    </Module>
    <Module skippedDueTo="Filter" hash="44-C0-0A-C6-47-31-14-AA-C3-0E-8D-2E-24-8A-F2-5B-90-0E-2A-17">
      <ModulePath>c:\Program Files\dotnet\shared\Microsoft.NETCore.App\2.0.3\System.Private.DataContractSerialization.dll</ModulePath>
      <ModuleTime>2017-10-16T19:46:16Z</ModuleTime>
      <ModuleName>System.Private.DataContractSerialization</ModuleName>
      <Files />
      <Classes />
    </Module>
    <Module skippedDueTo="Filter" hash="A5-F5-54-01-7D-F9-F5-63-37-56-8B-BC-B3-21-47-97-21-DF-42-15">
      <ModulePath>c:\Program Files\dotnet\shared\Microsoft.NETCore.App\2.0.3\System.Reflection.DispatchProxy.dll</ModulePath>
      <ModuleTime>2017-10-16T19:46:18Z</ModuleTime>
      <ModuleName>System.Reflection.DispatchProxy</ModuleName>
      <Files />
      <Classes />
    </Module>
    <Module skippedDueTo="Filter" hash="4F-41-E4-49-78-5A-04-8C-BB-D7-11-05-D8-58-14-46-10-C7-88-5A">
      <ModulePath>c:\Program Files\dotnet\shared\Microsoft.NETCore.App\2.0.3\System.Reflection.Emit.dll</ModulePath>
      <ModuleTime>2017-10-16T19:46:18Z</ModuleTime>
      <ModuleName>System.Reflection.Emit</ModuleName>
      <Files />
      <Classes />
    </Module>
    <Module skippedDueTo="Filter" hash="5D-9B-F9-14-79-EA-1D-56-32-90-BA-5D-E7-CC-36-A1-16-F3-A0-59">
      <ModulePath>c:\Program Files\dotnet\shared\Microsoft.NETCore.App\2.0.3\System.Resources.Reader.dll</ModulePath>
      <ModuleTime>2017-10-16T19:46:18Z</ModuleTime>
      <ModuleName>System.Resources.Reader</ModuleName>
      <Files />
      <Classes />
    </Module>
    <Module skippedDueTo="Filter" hash="FC-C4-3D-78-0C-06-75-35-8A-21-1A-1A-D1-11-7E-E2-FB-DC-F7-5F">
      <ModulePath>c:\Program Files\dotnet\shared\Microsoft.NETCore.App\2.0.3\System.Resources.Writer.dll</ModulePath>
      <ModuleTime>2017-10-16T19:46:18Z</ModuleTime>
      <ModuleName>System.Resources.Writer</ModuleName>
      <Files />
      <Classes />
    </Module>
    <Module skippedDueTo="Filter" hash="8C-80-20-5F-62-6F-07-F4-24-BE-7D-1E-57-3F-9D-8A-37-7A-FF-42">
      <ModulePath>c:\Program Files\dotnet\shared\Microsoft.NETCore.App\2.0.3\System.Runtime.CompilerServices.VisualC.dll</ModulePath>
      <ModuleTime>2017-10-16T19:46:18Z</ModuleTime>
      <ModuleName>System.Runtime.CompilerServices.VisualC</ModuleName>
      <Files />
      <Classes />
    </Module>
    <Module skippedDueTo="Filter" hash="35-29-DB-8D-18-45-A8-51-7C-68-9C-1A-9C-60-0E-F4-84-53-E9-A6">
      <ModulePath>c:\Program Files\dotnet\shared\Microsoft.NETCore.App\2.0.3\System.Runtime.InteropServices.WindowsRuntime.dll</ModulePath>
      <ModuleTime>2017-10-16T19:46:18Z</ModuleTime>
      <ModuleName>System.Runtime.InteropServices.WindowsRuntime</ModuleName>
      <Files />
      <Classes />
    </Module>
    <Module skippedDueTo="Filter" hash="F6-1B-87-B6-22-2C-B2-D0-DB-01-25-C4-B4-D5-7A-86-4E-F2-91-1D">
      <ModulePath>c:\Program Files\dotnet\shared\Microsoft.NETCore.App\2.0.3\System.Runtime.Serialization.Json.dll</ModulePath>
      <ModuleTime>2017-10-16T19:46:18Z</ModuleTime>
      <ModuleName>System.Runtime.Serialization.Json</ModuleName>
      <Files />
      <Classes />
    </Module>
    <Module skippedDueTo="Filter" hash="CD-88-9A-D1-FC-23-49-1E-1D-83-8C-DC-31-50-72-14-C7-70-30-DF">
      <ModulePath>c:\Program Files\dotnet\shared\Microsoft.NETCore.App\2.0.3\System.Runtime.Serialization.Xml.dll</ModulePath>
      <ModuleTime>2017-10-16T19:46:18Z</ModuleTime>
      <ModuleName>System.Runtime.Serialization.Xml</ModuleName>
      <Files />
      <Classes />
    </Module>
    <Module skippedDueTo="Filter" hash="F7-05-1F-6F-CF-EE-87-FC-EC-22-A8-E8-91-B9-A0-33-0C-65-C4-F2">
      <ModulePath>c:\Program Files\dotnet\shared\Microsoft.NETCore.App\2.0.3\System.Runtime.Serialization.dll</ModulePath>
      <ModuleTime>2017-10-16T19:46:18Z</ModuleTime>
      <ModuleName>System.Runtime.Serialization</ModuleName>
      <Files />
      <Classes />
    </Module>
    <Module skippedDueTo="Filter" hash="12-95-C2-36-BA-28-2A-B4-11-50-1A-A4-A0-17-E6-92-3E-D5-13-B7">
      <ModulePath>c:\Program Files\dotnet\shared\Microsoft.NETCore.App\2.0.3\System.Security.Cryptography.Cng.dll</ModulePath>
      <ModuleTime>2017-10-16T19:46:18Z</ModuleTime>
      <ModuleName>System.Security.Cryptography.Cng</ModuleName>
      <Files />
      <Classes />
    </Module>
    <Module skippedDueTo="Filter" hash="A5-5F-0B-58-6F-CF-CE-54-E1-75-21-61-AA-72-04-4F-8D-40-90-8E">
      <ModulePath>c:\Program Files\dotnet\shared\Microsoft.NETCore.App\2.0.3\System.Security.Cryptography.Csp.dll</ModulePath>
      <ModuleTime>2017-10-16T19:46:18Z</ModuleTime>
      <ModuleName>System.Security.Cryptography.Csp</ModuleName>
      <Files />
      <Classes />
    </Module>
    <Module skippedDueTo="Filter" hash="21-C9-AB-42-EE-42-9D-C6-66-58-9E-18-96-ED-7C-CA-04-85-86-BE">
      <ModulePath>c:\Program Files\dotnet\shared\Microsoft.NETCore.App\2.0.3\System.Security.Cryptography.OpenSsl.dll</ModulePath>
      <ModuleTime>2017-10-16T19:46:18Z</ModuleTime>
      <ModuleName>System.Security.Cryptography.OpenSsl</ModuleName>
      <Files />
      <Classes />
    </Module>
    <Module skippedDueTo="Filter" hash="11-3D-32-3D-AC-8B-AD-AF-5A-93-A5-39-C2-A4-43-BC-92-E8-F8-E0">
      <ModulePath>c:\Program Files\dotnet\shared\Microsoft.NETCore.App\2.0.3\System.Security.SecureString.dll</ModulePath>
      <ModuleTime>2017-10-16T19:46:18Z</ModuleTime>
      <ModuleName>System.Security.SecureString</ModuleName>
      <Files />
      <Classes />
    </Module>
    <Module skippedDueTo="Filter" hash="A5-5B-15-15-D6-73-0D-EE-4B-A3-AB-59-25-E2-EA-D5-4D-23-3D-FB">
      <ModulePath>c:\Program Files\dotnet\shared\Microsoft.NETCore.App\2.0.3\System.Security.dll</ModulePath>
      <ModuleTime>2017-10-16T19:46:18Z</ModuleTime>
      <ModuleName>System.Security</ModuleName>
      <Files />
      <Classes />
    </Module>
    <Module skippedDueTo="Filter" hash="42-23-BC-31-0E-B9-AF-BF-81-C1-82-6C-7C-33-C1-EC-EA-C3-00-A5">
      <ModulePath>c:\Program Files\dotnet\shared\Microsoft.NETCore.App\2.0.3\System.ServiceModel.Web.dll</ModulePath>
      <ModuleTime>2017-10-16T19:46:18Z</ModuleTime>
      <ModuleName>System.ServiceModel.Web</ModuleName>
      <Files />
      <Classes />
    </Module>
    <Module skippedDueTo="Filter" hash="30-43-21-B5-9A-13-A8-B2-6B-F3-52-24-46-27-64-3A-80-2A-F4-8F">
      <ModulePath>c:\Program Files\dotnet\shared\Microsoft.NETCore.App\2.0.3\System.ServiceProcess.dll</ModulePath>
      <ModuleTime>2017-10-16T19:46:18Z</ModuleTime>
      <ModuleName>System.ServiceProcess</ModuleName>
      <Files />
      <Classes />
    </Module>
    <Module skippedDueTo="Filter" hash="59-D8-16-A6-2F-B5-D9-1D-0D-CA-82-53-5A-88-32-3F-21-5F-BF-8A">
      <ModulePath>c:\Program Files\dotnet\shared\Microsoft.NETCore.App\2.0.3\System.Threading.Tasks.Dataflow.dll</ModulePath>
      <ModuleTime>2017-10-16T19:46:18Z</ModuleTime>
      <ModuleName>System.Threading.Tasks.Dataflow</ModuleName>
      <Files />
      <Classes />
    </Module>
    <Module skippedDueTo="Filter" hash="50-69-AA-F4-F7-98-D1-E7-AC-62-9C-57-F1-88-0F-69-BA-8D-0C-D0">
      <ModulePath>c:\Program Files\dotnet\shared\Microsoft.NETCore.App\2.0.3\System.Threading.Tasks.Parallel.dll</ModulePath>
      <ModuleTime>2017-10-16T19:46:18Z</ModuleTime>
      <ModuleName>System.Threading.Tasks.Parallel</ModuleName>
      <Files />
      <Classes />
    </Module>
    <Module skippedDueTo="Filter" hash="D8-BA-CC-F3-E7-0B-5A-27-2D-1D-56-B9-69-72-F8-53-17-F5-B4-56">
      <ModulePath>c:\Program Files\dotnet\shared\Microsoft.NETCore.App\2.0.3\System.Threading.Thread.dll</ModulePath>
      <ModuleTime>2017-10-16T19:46:18Z</ModuleTime>
      <ModuleName>System.Threading.Thread</ModuleName>
      <Files />
      <Classes />
    </Module>
    <Module skippedDueTo="Filter" hash="C1-97-71-D2-57-4D-B4-1E-78-E3-31-18-1B-A8-84-48-38-BD-37-95">
      <ModulePath>c:\Program Files\dotnet\shared\Microsoft.NETCore.App\2.0.3\System.Transactions.dll</ModulePath>
      <ModuleTime>2017-10-16T19:46:18Z</ModuleTime>
      <ModuleName>System.Transactions</ModuleName>
      <Files />
      <Classes />
    </Module>
    <Module skippedDueTo="Filter" hash="B1-58-83-B8-12-A9-16-45-D3-20-2E-11-02-7B-12-3E-50-3B-2B-D6">
      <ModulePath>c:\Program Files\dotnet\shared\Microsoft.NETCore.App\2.0.3\System.Web.HttpUtility.dll</ModulePath>
      <ModuleTime>2017-10-16T19:46:18Z</ModuleTime>
      <ModuleName>System.Web.HttpUtility</ModuleName>
      <Files />
      <Classes />
    </Module>
    <Module skippedDueTo="Filter" hash="BA-34-0E-BF-B7-AD-96-AB-C9-82-D2-07-E9-44-40-41-0D-DD-9A-28">
      <ModulePath>c:\Program Files\dotnet\shared\Microsoft.NETCore.App\2.0.3\System.Web.dll</ModulePath>
      <ModuleTime>2017-10-16T19:46:18Z</ModuleTime>
      <ModuleName>System.Web</ModuleName>
      <Files />
      <Classes />
    </Module>
    <Module skippedDueTo="Filter" hash="1D-BF-C2-97-26-94-5D-0C-14-21-CF-9C-B0-6E-BB-C3-D9-18-27-C9">
      <ModulePath>c:\Program Files\dotnet\shared\Microsoft.NETCore.App\2.0.3\System.Windows.dll</ModulePath>
      <ModuleTime>2017-10-16T19:46:18Z</ModuleTime>
      <ModuleName>System.Windows</ModuleName>
      <Files />
      <Classes />
    </Module>
    <Module skippedDueTo="Filter" hash="AC-B4-E8-A6-B8-83-BF-C8-65-EF-8F-6B-7F-48-CC-AE-CD-94-13-DC">
      <ModulePath>c:\Program Files\dotnet\shared\Microsoft.NETCore.App\2.0.3\System.Xml.Linq.dll</ModulePath>
      <ModuleTime>2017-10-16T19:46:18Z</ModuleTime>
      <ModuleName>System.Xml.Linq</ModuleName>
      <Files />
      <Classes />
    </Module>
    <Module skippedDueTo="Filter" hash="A5-B7-D4-42-64-8C-98-9D-F9-CE-C8-C2-46-4E-8F-73-62-1F-81-12">
      <ModulePath>c:\Program Files\dotnet\shared\Microsoft.NETCore.App\2.0.3\System.Xml.Serialization.dll</ModulePath>
      <ModuleTime>2017-10-16T19:46:18Z</ModuleTime>
      <ModuleName>System.Xml.Serialization</ModuleName>
      <Files />
      <Classes />
    </Module>
    <Module skippedDueTo="Filter" hash="05-39-61-0A-7B-ED-ED-AA-1E-4C-BD-F1-43-03-81-21-79-70-15-2E">
      <ModulePath>c:\Program Files\dotnet\shared\Microsoft.NETCore.App\2.0.3\System.Xml.XPath.XDocument.dll</ModulePath>
      <ModuleTime>2017-10-16T19:46:18Z</ModuleTime>
      <ModuleName>System.Xml.XPath.XDocument</ModuleName>
      <Files />
      <Classes />
    </Module>
    <Module skippedDueTo="Filter" hash="DD-B7-2E-53-DA-A9-D5-73-2C-39-F6-2B-B5-67-11-2C-6F-42-3A-E5">
      <ModulePath>c:\Program Files\dotnet\shared\Microsoft.NETCore.App\2.0.3\System.Xml.XmlSerializer.dll</ModulePath>
      <ModuleTime>2017-10-16T19:46:18Z</ModuleTime>
      <ModuleName>System.Xml.XmlSerializer</ModuleName>
      <Files />
      <Classes />
    </Module>
    <Module skippedDueTo="Filter" hash="02-E4-16-DE-2B-CD-B0-41-BC-5D-9A-99-D5-F4-E2-E6-77-AF-A2-56">
      <ModulePath>c:\Program Files\dotnet\shared\Microsoft.NETCore.App\2.0.3\System.Xml.dll</ModulePath>
      <ModuleTime>2017-10-16T19:46:18Z</ModuleTime>
      <ModuleName>System.Xml</ModuleName>
      <Files />
      <Classes />
    </Module>
    <Module skippedDueTo="Filter" hash="37-9C-04-F0-78-BE-DD-88-E1-11-50-67-E3-88-21-36-BE-33-02-55">
      <ModulePath>c:\Program Files\dotnet\shared\Microsoft.NETCore.App\2.0.3\System.dll</ModulePath>
      <ModuleTime>2017-10-16T19:46:18Z</ModuleTime>
      <ModuleName>System</ModuleName>
      <Files />
      <Classes />
    </Module>
    <Module skippedDueTo="Filter" hash="B6-41-2B-26-75-10-54-6E-ED-D8-4A-F0-8D-87-5D-73-40-C6-7B-21">
      <ModulePath>c:\Program Files\dotnet\shared\Microsoft.NETCore.App\2.0.3\WindowsBase.dll</ModulePath>
      <ModuleTime>2017-10-16T19:46:18Z</ModuleTime>
      <ModuleName>WindowsBase</ModuleName>
      <Files />
      <Classes />
    </Module>
    <Module skippedDueTo="Filter" hash="6F-08-22-57-F4-B0-60-DB-BB-40-C7-8B-E4-D0-95-74-3F-5E-5C-41">
      <ModulePath>C:\VSCode\ReAl.Lumino.Encuestas\ReAl.Lumino.Encuestas.Test\bin\Release\netcoreapp2.0\xunit.runner.reporters.netcoreapp10.dll</ModulePath>
      <ModuleTime>2017-10-27T09:35:08Z</ModuleTime>
      <ModuleName>xunit.runner.reporters.netcoreapp10</ModuleName>
      <Files />
      <Classes />
    </Module>
  </Modules>
</CoverageSession>